#
# There is insufficient memory for the Java Runtime Environment to continue.
# Native memory allocation (malloc) failed to allocate 2129264 bytes. Error detail: Chunk::new
# Possible reasons:
#   The system is out of physical RAM or swap space
#   This process is running with CompressedOops enabled, and the Java Heap may be blocking the growth of the native heap
# Possible solutions:
#   Reduce memory load on the system
#   Increase physical memory or swap space
#   Check if swap backing store is full
#   Decrease Java heap size (-Xmx/-Xms)
#   Decrease number of Java threads
#   Decrease Java thread stack sizes (-Xss)
#   Set larger code cache with -XX:ReservedCodeCacheSize=
#   JVM is running with Zero Based Compressed Oops mode in which the Java heap is
#     placed in the first 32GB address space. The Java Heap base address is the
#     maximum limit for the native heap growth. Please use -XX:HeapBaseMinAddress
#     to set the Java Heap base and to place the Java Heap above 32GB virtual address.
# This output file may be truncated or incomplete.
#
#  Out of Memory Error (arena.cpp:168), pid=23120, tid=22140
#
# JRE version: OpenJDK Runtime Environment (21.0.3) (build 21.0.3+-12282718-b509.11)
# Java VM: OpenJDK 64-Bit Server VM (21.0.3+-12282718-b509.11, mixed mode, tiered, compressed oops, compressed class ptrs, g1 gc, windows-amd64)
# No core dump will be written. Minidumps are not enabled by default on client versions of Windows
#

---------------  S U M M A R Y ------------

Command Line: org.jetbrains.kotlin.cli.jvm.K2JVMCompiler @D:\TOTNGHIEP\New folder (2)\Money_Manager_App\app\build\20241204_6448794162929030364.compiler.options

Host: AMD Ryzen 7 4800H with Radeon Graphics         , 16 cores, 15G,  Windows 11 , 64 bit Build 26100 (10.0.26100.2415)
Time: Wed Dec  4 18:23:06 2024 SE Asia Standard Time elapsed time: 9.879454 seconds (0d 0h 0m 9s)

---------------  T H R E A D  ---------------

Current thread (0x0000020950b4a8a0):  JavaThread "C2 CompilerThread5" daemon [_thread_in_native, id=22140, stack(0x000000b57e700000,0x000000b57e800000) (1024K)]


Current CompileTask:
C2:   9879 11335       4       org.jetbrains.kotlin.resolve.OverrideResolver$Companion::checkInheritedAndDelegatedSignatures (633 bytes)

Stack: [0x000000b57e700000,0x000000b57e800000]
Native frames: (J=compiled Java code, j=interpreted, Vv=VM code, C=native code)
V  [jvm.dll+0x6cafb9]
V  [jvm.dll+0x858523]
V  [jvm.dll+0x85aa7e]
V  [jvm.dll+0x85b163]
V  [jvm.dll+0x27d356]
V  [jvm.dll+0xbf93d]
V  [jvm.dll+0xbfe73]
V  [jvm.dll+0x3b1ceb]
V  [jvm.dll+0x37e787]
V  [jvm.dll+0x37dbfa]
V  [jvm.dll+0x246b02]
V  [jvm.dll+0x2460d1]
V  [jvm.dll+0x1c5804]
V  [jvm.dll+0x25575c]
V  [jvm.dll+0x253c36]
V  [jvm.dll+0x3ec996]
V  [jvm.dll+0x800d78]
V  [jvm.dll+0x6c98cd]
C  [ucrtbase.dll+0x14ea0]
C  [KERNEL32.DLL+0x2e8d7]
C  [ntdll.dll+0xdfbcc]


---------------  P R O C E S S  ---------------

Threads class SMR info:
_java_thread_list=0x0000020956b7fca0, length=20, elements={
0x000002092db7fd30, 0x000002094a80b230, 0x000002094a80c800, 0x000002094a7f5c70,
0x000002094a7f66d0, 0x000002094a7f1070, 0x000002094a7f1ad0, 0x000002094a7f3f40,
0x000002094a81f940, 0x000002094a5cb110, 0x000002094a9cde30, 0x000002094a9d5aa0,
0x000002094f15a0d0, 0x000002095071ebc0, 0x0000020951d6ef40, 0x0000020952c88ec0,
0x0000020953110dd0, 0x0000020950b4a8a0, 0x000002095384c780, 0x00000209538497d0
}

Java Threads: ( => current thread )
  0x000002092db7fd30 JavaThread "main"                              [_thread_in_native, id=20760, stack(0x000000b57c000000,0x000000b57c100000) (1024K)]
  0x000002094a80b230 JavaThread "Reference Handler"          daemon [_thread_blocked, id=17768, stack(0x000000b57c800000,0x000000b57c900000) (1024K)]
  0x000002094a80c800 JavaThread "Finalizer"                  daemon [_thread_blocked, id=22820, stack(0x000000b57c900000,0x000000b57ca00000) (1024K)]
  0x000002094a7f5c70 JavaThread "Signal Dispatcher"          daemon [_thread_blocked, id=10516, stack(0x000000b57ca00000,0x000000b57cb00000) (1024K)]
  0x000002094a7f66d0 JavaThread "Attach Listener"            daemon [_thread_blocked, id=17036, stack(0x000000b57cb00000,0x000000b57cc00000) (1024K)]
  0x000002094a7f1070 JavaThread "Service Thread"             daemon [_thread_blocked, id=22380, stack(0x000000b57cc00000,0x000000b57cd00000) (1024K)]
  0x000002094a7f1ad0 JavaThread "Monitor Deflation Thread"   daemon [_thread_blocked, id=18408, stack(0x000000b57cd00000,0x000000b57ce00000) (1024K)]
  0x000002094a7f3f40 JavaThread "C2 CompilerThread0"         daemon [_thread_blocked, id=14872, stack(0x000000b57ce00000,0x000000b57cf00000) (1024K)]
  0x000002094a81f940 JavaThread "C1 CompilerThread0"         daemon [_thread_in_native, id=22160, stack(0x000000b57cf00000,0x000000b57d000000) (1024K)]
  0x000002094a5cb110 JavaThread "C1 CompilerThread1"         daemon [_thread_blocked, id=3104, stack(0x000000b57d000000,0x000000b57d100000) (1024K)]
  0x000002094a9cde30 JavaThread "Notification Thread"        daemon [_thread_blocked, id=8164, stack(0x000000b57d100000,0x000000b57d200000) (1024K)]
  0x000002094a9d5aa0 JavaThread "Common-Cleaner"             daemon [_thread_blocked, id=4656, stack(0x000000b57d200000,0x000000b57d300000) (1024K)]
  0x000002094f15a0d0 JavaThread "C1 CompilerThread2"         daemon [_thread_in_vm, id=7476, stack(0x000000b57d500000,0x000000b57d600000) (1024K)]
  0x000002095071ebc0 JavaThread "C2 CompilerThread1"         daemon [_thread_blocked, id=4464, stack(0x000000b57dd00000,0x000000b57de00000) (1024K)]
  0x0000020951d6ef40 JavaThread "C2 CompilerThread2"         daemon [_thread_blocked, id=2628, stack(0x000000b57de00000,0x000000b57df00000) (1024K)]
  0x0000020952c88ec0 JavaThread "C2 CompilerThread3"         daemon [_thread_in_native, id=7544, stack(0x000000b57e500000,0x000000b57e600000) (1024K)]
  0x0000020953110dd0 JavaThread "C2 CompilerThread4"         daemon [_thread_blocked, id=16636, stack(0x000000b57e600000,0x000000b57e700000) (1024K)]
=>0x0000020950b4a8a0 JavaThread "C2 CompilerThread5"         daemon [_thread_in_native, id=22140, stack(0x000000b57e700000,0x000000b57e800000) (1024K)]
  0x000002095384c780 JavaThread "C2 CompilerThread6"         daemon [_thread_in_native, id=5316, stack(0x000000b57e800000,0x000000b57e900000) (1024K)]
  0x00000209538497d0 JavaThread "C2 CompilerThread7"         daemon [_thread_in_native, id=20324, stack(0x000000b57e900000,0x000000b57ea00000) (1024K)]
Total: 20

Other Threads:
  0x000002094a6197f0 VMThread "VM Thread"                           [id=11908, stack(0x000000b57c700000,0x000000b57c800000) (1024K)]
  0x000002094a5c7860 WatcherThread "VM Periodic Task Thread"        [id=14424, stack(0x000000b57c600000,0x000000b57c700000) (1024K)]
  0x000002092fef9f60 WorkerThread "GC Thread#0"                     [id=18364, stack(0x000000b57c100000,0x000000b57c200000) (1024K)]
  0x000002094f69c060 WorkerThread "GC Thread#1"                     [id=5300, stack(0x000000b57d300000,0x000000b57d400000) (1024K)]
  0x000002094f69cc20 WorkerThread "GC Thread#2"                     [id=18020, stack(0x000000b57d400000,0x000000b57d500000) (1024K)]
  0x000002094f69cfc0 WorkerThread "GC Thread#3"                     [id=4660, stack(0x000000b57d600000,0x000000b57d700000) (1024K)]
  0x000002094f69db60 WorkerThread "GC Thread#4"                     [id=1876, stack(0x000000b57d700000,0x000000b57d800000) (1024K)]
  0x000002094f6a3040 WorkerThread "GC Thread#5"                     [id=14836, stack(0x000000b57d800000,0x000000b57d900000) (1024K)]
  0x000002094f6a3b20 WorkerThread "GC Thread#6"                     [id=6368, stack(0x000000b57d900000,0x000000b57da00000) (1024K)]
  0x000002094f6a21c0 WorkerThread "GC Thread#7"                     [id=18784, stack(0x000000b57da00000,0x000000b57db00000) (1024K)]
  0x000002094fd83670 WorkerThread "GC Thread#8"                     [id=11152, stack(0x000000b57df00000,0x000000b57e000000) (1024K)]
  0x000002094fd81970 WorkerThread "GC Thread#9"                     [id=24236, stack(0x000000b57e000000,0x000000b57e100000) (1024K)]
  0x000002094fd81230 WorkerThread "GC Thread#10"                    [id=16364, stack(0x000000b57e100000,0x000000b57e200000) (1024K)]
  0x000002094fd820b0 WorkerThread "GC Thread#11"                    [id=22636, stack(0x000000b57e300000,0x000000b57e400000) (1024K)]
  0x000002094fd81d10 WorkerThread "GC Thread#12"                    [id=22100, stack(0x000000b57e400000,0x000000b57e500000) (1024K)]
  0x000002092ff0a600 ConcurrentGCThread "G1 Main Marker"            [id=17388, stack(0x000000b57c200000,0x000000b57c300000) (1024K)]
  0x000002092ff0bf40 WorkerThread "G1 Conc#0"                       [id=4060, stack(0x000000b57c300000,0x000000b57c400000) (1024K)]
  0x000002094f6a2560 WorkerThread "G1 Conc#1"                       [id=16148, stack(0x000000b57db00000,0x000000b57dc00000) (1024K)]
  0x000002094f6a2900 WorkerThread "G1 Conc#2"                       [id=23768, stack(0x000000b57dc00000,0x000000b57dd00000) (1024K)]
  0x000002092ff5e470 ConcurrentGCThread "G1 Refine#0"               [id=18560, stack(0x000000b57c400000,0x000000b57c500000) (1024K)]
  0x000002094a49bfa0 ConcurrentGCThread "G1 Service"                [id=18704, stack(0x000000b57c500000,0x000000b57c600000) (1024K)]
Total: 21

Threads with active compile tasks:
C1 CompilerThread0    10892 11480       3       org.jetbrains.org.objectweb.asm.ClassReader::readMethod (1061 bytes)
C2 CompilerThread3    10892 11314       4       org.jetbrains.kotlin.resolve.OverrideResolver$Companion::checkMissingOverridesByJava8Restrictions (347 bytes)
C2 CompilerThread5    10892 11335       4       org.jetbrains.kotlin.resolve.OverrideResolver$Companion::checkInheritedAndDelegatedSignatures (633 bytes)
C2 CompilerThread6    10892 11309       4       org.jetbrains.kotlin.resolve.OverrideResolver$Companion::computeRelevantDirectlyOverridden (84 bytes)
C2 CompilerThread7    10892 11167       4       org.jetbrains.kotlin.resolve.OverridingUtil::generateOverridesInFunctionGroup (123 bytes)
Total: 5

VM state: not at safepoint (normal execution)

VM Mutex/Monitor currently owned by a thread: None

Heap address: 0x0000000709400000, size: 3948 MB, Compressed Oops mode: Zero based, Oop shift amount: 3

CDS archive(s) not mapped
Compressed class space mapped at: 0x0000000800000000-0x0000000840000000, reserved size: 1073741824
Narrow klass base: 0x0000000800000000, Narrow klass shift: 0, Narrow klass range: 0x40000000

GC Precious Log:
 CardTable entry size: 512
 Card Set container configuration: InlinePtr #cards 4 size 8 Array Of Cards #cards 16 size 48 Howl #buckets 8 coarsen threshold 3686 Howl Bitmap #cards 512 size 80 coarsen threshold 460 Card regions per heap region 1 cards per card region 4096
 CPUs: 16 total, 16 available
 Memory: 15789M
 Large Page Support: Disabled
 NUMA Support: Disabled
 Compressed Oops: Enabled (Zero based)
 Heap Region Size: 2M
 Heap Min Capacity: 8M
 Heap Initial Capacity: 248M
 Heap Max Capacity: 3948M
 Pre-touch: Disabled
 Parallel Workers: 13
 Concurrent Workers: 3
 Concurrent Refinement Workers: 13
 Periodic GC: Disabled

Heap:
 garbage-first heap   total 188416K, used 134200K [0x0000000709400000, 0x0000000800000000)
  region size 2048K, 30 young (61440K), 5 survivors (10240K)
 Metaspace       used 62240K, committed 63040K, reserved 1114112K
  class space    used 7032K, committed 7424K, reserved 1048576K

Heap Regions: E=young(eden), S=young(survivor), O=old, HS=humongous(starts), HC=humongous(continues), CS=collection set, F=free, TAMS=top-at-mark-start, PB=parsable bottom
|   0|0x0000000709400000, 0x0000000709600000, 0x0000000709600000|100%|HS|  |TAMS 0x0000000709400000| PB 0x0000000709400000| Complete 
|   1|0x0000000709600000, 0x0000000709800000, 0x0000000709800000|100%|HC|  |TAMS 0x0000000709600000| PB 0x0000000709600000| Complete 
|   2|0x0000000709800000, 0x0000000709a00000, 0x0000000709a00000|100%| O|  |TAMS 0x0000000709800000| PB 0x0000000709800000| Untracked 
|   3|0x0000000709a00000, 0x0000000709c00000, 0x0000000709c00000|100%| O|  |TAMS 0x0000000709a00000| PB 0x0000000709a00000| Untracked 
|   4|0x0000000709c00000, 0x0000000709e00000, 0x0000000709e00000|100%| O|  |TAMS 0x0000000709c00000| PB 0x0000000709c00000| Untracked 
|   5|0x0000000709e00000, 0x000000070a000000, 0x000000070a000000|100%|HS|  |TAMS 0x0000000709e00000| PB 0x0000000709e00000| Complete 
|   6|0x000000070a000000, 0x000000070a200000, 0x000000070a200000|100%| O|Cm|TAMS 0x000000070a000000| PB 0x000000070a000000| Complete 
|   7|0x000000070a200000, 0x000000070a400000, 0x000000070a400000|100%| O|  |TAMS 0x000000070a200000| PB 0x000000070a200000| Untracked 
|   8|0x000000070a400000, 0x000000070a600000, 0x000000070a600000|100%| O|  |TAMS 0x000000070a400000| PB 0x000000070a400000| Untracked 
|   9|0x000000070a600000, 0x000000070a800000, 0x000000070a800000|100%|HS|  |TAMS 0x000000070a600000| PB 0x000000070a600000| Complete 
|  10|0x000000070a800000, 0x000000070aa00000, 0x000000070aa00000|100%| O|  |TAMS 0x000000070a800000| PB 0x000000070a800000| Untracked 
|  11|0x000000070aa00000, 0x000000070ac00000, 0x000000070ac00000|100%| O|  |TAMS 0x000000070aa00000| PB 0x000000070aa00000| Untracked 
|  12|0x000000070ac00000, 0x000000070ae00000, 0x000000070ae00000|100%| O|  |TAMS 0x000000070ac00000| PB 0x000000070ac00000| Untracked 
|  13|0x000000070ae00000, 0x000000070b000000, 0x000000070b000000|100%| O|  |TAMS 0x000000070ae00000| PB 0x000000070ae00000| Untracked 
|  14|0x000000070b000000, 0x000000070b200000, 0x000000070b200000|100%| O|  |TAMS 0x000000070b000000| PB 0x000000070b000000| Untracked 
|  15|0x000000070b200000, 0x000000070b400000, 0x000000070b400000|100%| O|  |TAMS 0x000000070b200000| PB 0x000000070b200000| Untracked 
|  16|0x000000070b400000, 0x000000070b600000, 0x000000070b600000|100%| O|  |TAMS 0x000000070b400000| PB 0x000000070b400000| Untracked 
|  17|0x000000070b600000, 0x000000070b800000, 0x000000070b800000|100%| O|  |TAMS 0x000000070b600000| PB 0x000000070b600000| Untracked 
|  18|0x000000070b800000, 0x000000070ba00000, 0x000000070ba00000|100%| O|  |TAMS 0x000000070b800000| PB 0x000000070b800000| Untracked 
|  19|0x000000070ba00000, 0x000000070bc00000, 0x000000070bc00000|100%| O|  |TAMS 0x000000070ba00000| PB 0x000000070ba00000| Untracked 
|  20|0x000000070bc00000, 0x000000070be00000, 0x000000070be00000|100%| O|  |TAMS 0x000000070bc00000| PB 0x000000070bc00000| Untracked 
|  21|0x000000070be00000, 0x000000070c000000, 0x000000070c000000|100%| O|  |TAMS 0x000000070be00000| PB 0x000000070be00000| Untracked 
|  22|0x000000070c000000, 0x000000070c200000, 0x000000070c200000|100%| O|  |TAMS 0x000000070c000000| PB 0x000000070c000000| Untracked 
|  23|0x000000070c200000, 0x000000070c400000, 0x000000070c400000|100%| O|  |TAMS 0x000000070c200000| PB 0x000000070c200000| Untracked 
|  24|0x000000070c400000, 0x000000070c600000, 0x000000070c600000|100%| O|  |TAMS 0x000000070c400000| PB 0x000000070c400000| Untracked 
|  25|0x000000070c600000, 0x000000070c800000, 0x000000070c800000|100%| O|  |TAMS 0x000000070c600000| PB 0x000000070c600000| Untracked 
|  26|0x000000070c800000, 0x000000070ca00000, 0x000000070ca00000|100%| O|  |TAMS 0x000000070c800000| PB 0x000000070c800000| Untracked 
|  27|0x000000070ca00000, 0x000000070cc00000, 0x000000070cc00000|100%| O|  |TAMS 0x000000070ca00000| PB 0x000000070ca00000| Untracked 
|  28|0x000000070cc00000, 0x000000070ce00000, 0x000000070ce00000|100%| O|  |TAMS 0x000000070cc00000| PB 0x000000070cc00000| Untracked 
|  29|0x000000070ce00000, 0x000000070d000000, 0x000000070d000000|100%| O|  |TAMS 0x000000070ce00000| PB 0x000000070ce00000| Untracked 
|  30|0x000000070d000000, 0x000000070d200000, 0x000000070d200000|100%| O|  |TAMS 0x000000070d000000| PB 0x000000070d000000| Untracked 
|  31|0x000000070d200000, 0x000000070d400000, 0x000000070d400000|100%| O|  |TAMS 0x000000070d200000| PB 0x000000070d200000| Untracked 
|  32|0x000000070d400000, 0x000000070d600000, 0x000000070d600000|100%| O|  |TAMS 0x000000070d400000| PB 0x000000070d400000| Untracked 
|  33|0x000000070d600000, 0x000000070d70e1d0, 0x000000070d800000| 52%| O|  |TAMS 0x000000070d600000| PB 0x000000070d600000| Untracked 
|  34|0x000000070d800000, 0x000000070d800000, 0x000000070da00000|  0%| F|  |TAMS 0x000000070d800000| PB 0x000000070d800000| Untracked 
|  35|0x000000070da00000, 0x000000070da00000, 0x000000070dc00000|  0%| F|  |TAMS 0x000000070da00000| PB 0x000000070da00000| Untracked 
|  36|0x000000070dc00000, 0x000000070dc00000, 0x000000070de00000|  0%| F|  |TAMS 0x000000070dc00000| PB 0x000000070dc00000| Untracked 
|  37|0x000000070de00000, 0x000000070de00000, 0x000000070e000000|  0%| F|  |TAMS 0x000000070de00000| PB 0x000000070de00000| Untracked 
|  38|0x000000070e000000, 0x000000070e000000, 0x000000070e200000|  0%| F|  |TAMS 0x000000070e000000| PB 0x000000070e000000| Untracked 
|  39|0x000000070e200000, 0x000000070e200000, 0x000000070e400000|  0%| F|  |TAMS 0x000000070e200000| PB 0x000000070e200000| Untracked 
|  40|0x000000070e400000, 0x000000070e400000, 0x000000070e600000|  0%| F|  |TAMS 0x000000070e400000| PB 0x000000070e400000| Untracked 
|  41|0x000000070e600000, 0x000000070e600000, 0x000000070e800000|  0%| F|  |TAMS 0x000000070e600000| PB 0x000000070e600000| Untracked 
|  42|0x000000070e800000, 0x000000070e800000, 0x000000070ea00000|  0%| F|  |TAMS 0x000000070e800000| PB 0x000000070e800000| Untracked 
|  43|0x000000070ea00000, 0x000000070ea00000, 0x000000070ec00000|  0%| F|  |TAMS 0x000000070ea00000| PB 0x000000070ea00000| Untracked 
|  44|0x000000070ec00000, 0x000000070ec00000, 0x000000070ee00000|  0%| F|  |TAMS 0x000000070ec00000| PB 0x000000070ec00000| Untracked 
|  45|0x000000070ee00000, 0x000000070f000000, 0x000000070f000000|100%| S|CS|TAMS 0x000000070ee00000| PB 0x000000070ee00000| Complete 
|  46|0x000000070f000000, 0x000000070f200000, 0x000000070f200000|100%| S|CS|TAMS 0x000000070f000000| PB 0x000000070f000000| Complete 
|  47|0x000000070f200000, 0x000000070f400000, 0x000000070f400000|100%| S|CS|TAMS 0x000000070f200000| PB 0x000000070f200000| Complete 
|  48|0x000000070f400000, 0x000000070f600000, 0x000000070f600000|100%| S|CS|TAMS 0x000000070f400000| PB 0x000000070f400000| Complete 
|  49|0x000000070f600000, 0x000000070f800000, 0x000000070f800000|100%| S|CS|TAMS 0x000000070f600000| PB 0x000000070f600000| Complete 
|  50|0x000000070f800000, 0x000000070f800000, 0x000000070fa00000|  0%| F|  |TAMS 0x000000070f800000| PB 0x000000070f800000| Untracked 
|  51|0x000000070fa00000, 0x000000070fa00000, 0x000000070fc00000|  0%| F|  |TAMS 0x000000070fa00000| PB 0x000000070fa00000| Untracked 
|  52|0x000000070fc00000, 0x000000070fc00000, 0x000000070fe00000|  0%| F|  |TAMS 0x000000070fc00000| PB 0x000000070fc00000| Untracked 
|  53|0x000000070fe00000, 0x000000070fe00000, 0x0000000710000000|  0%| F|  |TAMS 0x000000070fe00000| PB 0x000000070fe00000| Untracked 
|  54|0x0000000710000000, 0x0000000710000000, 0x0000000710200000|  0%| F|  |TAMS 0x0000000710000000| PB 0x0000000710000000| Untracked 
|  55|0x0000000710200000, 0x0000000710200000, 0x0000000710400000|  0%| F|  |TAMS 0x0000000710200000| PB 0x0000000710200000| Untracked 
|  56|0x0000000710400000, 0x0000000710400000, 0x0000000710600000|  0%| F|  |TAMS 0x0000000710400000| PB 0x0000000710400000| Untracked 
|  57|0x0000000710600000, 0x0000000710600000, 0x0000000710800000|  0%| F|  |TAMS 0x0000000710600000| PB 0x0000000710600000| Untracked 
|  58|0x0000000710800000, 0x0000000710800000, 0x0000000710a00000|  0%| F|  |TAMS 0x0000000710800000| PB 0x0000000710800000| Untracked 
|  59|0x0000000710a00000, 0x0000000710a00000, 0x0000000710c00000|  0%| F|  |TAMS 0x0000000710a00000| PB 0x0000000710a00000| Untracked 
|  60|0x0000000710c00000, 0x0000000710c00000, 0x0000000710e00000|  0%| F|  |TAMS 0x0000000710c00000| PB 0x0000000710c00000| Untracked 
|  61|0x0000000710e00000, 0x0000000710e00000, 0x0000000711000000|  0%| F|  |TAMS 0x0000000710e00000| PB 0x0000000710e00000| Untracked 
|  62|0x0000000711000000, 0x0000000711000000, 0x0000000711200000|  0%| F|  |TAMS 0x0000000711000000| PB 0x0000000711000000| Untracked 
|  63|0x0000000711200000, 0x0000000711200000, 0x0000000711400000|  0%| F|  |TAMS 0x0000000711200000| PB 0x0000000711200000| Untracked 
|  64|0x0000000711400000, 0x0000000711500800, 0x0000000711600000| 50%| E|  |TAMS 0x0000000711400000| PB 0x0000000711400000| Complete 
|  65|0x0000000711600000, 0x0000000711800000, 0x0000000711800000|100%| E|CS|TAMS 0x0000000711600000| PB 0x0000000711600000| Complete 
|  66|0x0000000711800000, 0x0000000711a00000, 0x0000000711a00000|100%| E|CS|TAMS 0x0000000711800000| PB 0x0000000711800000| Complete 
|  67|0x0000000711a00000, 0x0000000711c00000, 0x0000000711c00000|100%| E|CS|TAMS 0x0000000711a00000| PB 0x0000000711a00000| Complete 
|  68|0x0000000711c00000, 0x0000000711e00000, 0x0000000711e00000|100%| E|CS|TAMS 0x0000000711c00000| PB 0x0000000711c00000| Complete 
|  69|0x0000000711e00000, 0x0000000712000000, 0x0000000712000000|100%| E|CS|TAMS 0x0000000711e00000| PB 0x0000000711e00000| Complete 
|  70|0x0000000712000000, 0x0000000712200000, 0x0000000712200000|100%| E|CS|TAMS 0x0000000712000000| PB 0x0000000712000000| Complete 
|  71|0x0000000712200000, 0x0000000712400000, 0x0000000712400000|100%| E|CS|TAMS 0x0000000712200000| PB 0x0000000712200000| Complete 
|  72|0x0000000712400000, 0x0000000712600000, 0x0000000712600000|100%| E|CS|TAMS 0x0000000712400000| PB 0x0000000712400000| Complete 
|  73|0x0000000712600000, 0x0000000712800000, 0x0000000712800000|100%| E|CS|TAMS 0x0000000712600000| PB 0x0000000712600000| Complete 
|  74|0x0000000712800000, 0x0000000712a00000, 0x0000000712a00000|100%| E|CS|TAMS 0x0000000712800000| PB 0x0000000712800000| Complete 
|  75|0x0000000712a00000, 0x0000000712c00000, 0x0000000712c00000|100%| E|CS|TAMS 0x0000000712a00000| PB 0x0000000712a00000| Complete 
|  76|0x0000000712c00000, 0x0000000712e00000, 0x0000000712e00000|100%| E|CS|TAMS 0x0000000712c00000| PB 0x0000000712c00000| Complete 
|  77|0x0000000712e00000, 0x0000000713000000, 0x0000000713000000|100%| E|CS|TAMS 0x0000000712e00000| PB 0x0000000712e00000| Complete 
|  78|0x0000000713000000, 0x0000000713200000, 0x0000000713200000|100%| E|CS|TAMS 0x0000000713000000| PB 0x0000000713000000| Complete 
|  79|0x0000000713200000, 0x0000000713400000, 0x0000000713400000|100%| E|CS|TAMS 0x0000000713200000| PB 0x0000000713200000| Complete 
|  80|0x0000000713400000, 0x0000000713600000, 0x0000000713600000|100%| E|CS|TAMS 0x0000000713400000| PB 0x0000000713400000| Complete 
|  81|0x0000000713600000, 0x0000000713800000, 0x0000000713800000|100%| E|CS|TAMS 0x0000000713600000| PB 0x0000000713600000| Complete 
|  82|0x0000000713800000, 0x0000000713a00000, 0x0000000713a00000|100%| E|CS|TAMS 0x0000000713800000| PB 0x0000000713800000| Complete 
|  83|0x0000000713a00000, 0x0000000713c00000, 0x0000000713c00000|100%| E|CS|TAMS 0x0000000713a00000| PB 0x0000000713a00000| Complete 
|  84|0x0000000713c00000, 0x0000000713e00000, 0x0000000713e00000|100%| E|CS|TAMS 0x0000000713c00000| PB 0x0000000713c00000| Complete 
| 106|0x0000000716800000, 0x0000000716a00000, 0x0000000716a00000|100%| E|CS|TAMS 0x0000000716800000| PB 0x0000000716800000| Complete 
| 107|0x0000000716a00000, 0x0000000716c00000, 0x0000000716c00000|100%| E|CS|TAMS 0x0000000716a00000| PB 0x0000000716a00000| Complete 
| 108|0x0000000716c00000, 0x0000000716e00000, 0x0000000716e00000|100%| E|CS|TAMS 0x0000000716c00000| PB 0x0000000716c00000| Complete 
| 123|0x0000000718a00000, 0x0000000718c00000, 0x0000000718c00000|100%| E|CS|TAMS 0x0000000718a00000| PB 0x0000000718a00000| Complete 
|1971|0x00000007ffa00000, 0x00000007ffc00000, 0x00000007ffc00000|100%| O|  |TAMS 0x00000007ffa00000| PB 0x00000007ffa00000| Untracked 
|1972|0x00000007ffc00000, 0x00000007ffe00000, 0x00000007ffe00000|100%| O|  |TAMS 0x00000007ffc00000| PB 0x00000007ffc00000| Untracked 
|1973|0x00000007ffe00000, 0x0000000800000000, 0x0000000800000000|100%| O|  |TAMS 0x00000007ffe00000| PB 0x00000007ffe00000| Untracked 

Card table byte_map: [0x0000020943020000,0x00000209437e0000] _byte_map_base: 0x000002093f7d6000

Marking Bits: (CMBitMap*) 0x000002092fefa660
 Bits: [0x00000209437e0000, 0x0000020947590000)

Polling page: 0x000002092f580000

Metaspace:

Usage:
  Non-class:     53.92 MB used.
      Class:      6.87 MB used.
       Both:     60.78 MB used.

Virtual space:
  Non-class space:       64.00 MB reserved,      54.31 MB ( 85%) committed,  1 nodes.
      Class space:        1.00 GB reserved,       7.25 MB ( <1%) committed,  1 nodes.
             Both:        1.06 GB reserved,      61.56 MB (  6%) committed. 

Chunk freelists:
   Non-Class:  9.28 MB
       Class:  8.67 MB
        Both:  17.95 MB

MaxMetaspaceSize: unlimited
CompressedClassSpaceSize: 1.00 GB
Initial GC threshold: 21.00 MB
Current GC threshold: 98.75 MB
CDS: off
 - commit_granule_bytes: 65536.
 - commit_granule_words: 8192.
 - virtual_space_node_default_size: 8388608.
 - enlarge_chunks_in_place: 1.
 - use_allocation_guard: 0.


Internal statistics:

num_allocs_failed_limit: 9.
num_arena_births: 1296.
num_arena_deaths: 0.
num_vsnodes_births: 2.
num_vsnodes_deaths: 0.
num_space_committed: 983.
num_space_uncommitted: 0.
num_chunks_returned_to_freelist: 9.
num_chunks_taken_from_freelist: 3451.
num_chunk_merges: 9.
num_chunk_splits: 2567.
num_chunks_enlarged: 1927.
num_inconsistent_stats: 0.

CodeHeap 'non-profiled nmethods': size=119168Kb used=9389Kb max_used=9389Kb free=109778Kb
 bounds [0x000002093ab80000, 0x000002093b4b0000, 0x0000020941fe0000]
CodeHeap 'profiled nmethods': size=119104Kb used=32671Kb max_used=32671Kb free=86432Kb
 bounds [0x0000020932fe0000, 0x0000020934fd0000, 0x000002093a430000]
CodeHeap 'non-nmethods': size=7488Kb used=2700Kb max_used=3360Kb free=4787Kb
 bounds [0x000002093a430000, 0x000002093a780000, 0x000002093ab80000]
 total_blobs=11770 nmethods=11133 adapters=536
 compilation: enabled
              stopped_count=0, restarted_count=0
 full_count=0

Compilation events (20 events):
Event: 8.873 Thread 0x000002094f15a0d0 nmethod 11466 0x0000020934fb6490 code [0x0000020934fb6660, 0x0000020934fb6a30]
Event: 8.873 Thread 0x000002094a5cb110 nmethod 11465 0x0000020934fb6b90 code [0x0000020934fb6d80, 0x0000020934fb73d8]
Event: 8.874 Thread 0x000002094a5cb110 11468       3       org.jetbrains.kotlin.com.intellij.psi.util.CachedValueProvider$Result::<init> (86 bytes)
Event: 8.874 Thread 0x00000209507c6440 11469       3       org.jetbrains.kotlin.com.intellij.util.CachedValueBase::normalizeDependencies (73 bytes)
Event: 8.874 Thread 0x000002094f15a0d0 11472       3       org.jetbrains.kotlin.com.intellij.util.CachedValueBase::collectDependencies (84 bytes)
Event: 8.874 Thread 0x000002094a81f940 11470       3       org.jetbrains.kotlin.com.intellij.psi.util.CachedValueProvider$Result::getDependencyItems (13 bytes)
Event: 8.875 Thread 0x000002094a81f940 nmethod 11470 0x0000020934fb7590 code [0x0000020934fb7740, 0x0000020934fb78c8]
Event: 8.875 Thread 0x000002094f15a0d0 nmethod 11472 0x0000020934fb7990 code [0x0000020934fb7ba0, 0x0000020934fb81d8]
Event: 8.875 Thread 0x000002094a81f940 11471       3       org.jetbrains.kotlin.com.intellij.util.containers.NotNullList::<init> (6 bytes)
Event: 8.875 Thread 0x000002094f15a0d0 11473       3       org.jetbrains.kotlin.com.intellij.util.containers.NotNullList::add (14 bytes)
Event: 8.875 Thread 0x000002094a81f940 nmethod 11471 0x0000020934fb8390 code [0x0000020934fb8540, 0x0000020934fb8678]
Event: 8.875 Thread 0x000002094a81f940 11474       3       org.jetbrains.kotlin.com.intellij.util.ArrayUtil::toObjectArray (28 bytes)
Event: 8.875 Thread 0x000002094a81f940 nmethod 11474 0x0000020934fb8710 code [0x0000020934fb88e0, 0x0000020934fb8b78]
Event: 8.875 Thread 0x000002094a5cb110 nmethod 11468 0x0000020934fb8c90 code [0x0000020934fb8f00, 0x0000020934fb98c8]
Event: 8.875 Thread 0x000002094f15a0d0 nmethod 11473 0x0000020934fb9c10 code [0x0000020934fb9e00, 0x0000020934fba328]
Event: 8.875 Thread 0x00000209507c6440 nmethod 11469 0x0000020934fba510 code [0x0000020934fba7c0, 0x0000020934fbb1d0]
Event: 8.876 Thread 0x00000209507c6440 11475       3       org.jetbrains.kotlin.cli.jvm.compiler.CliVirtualFileFinder$findClass$1::invoke (13 bytes)
Event: 8.876 Thread 0x000002094a5cb110 11476       3       org.jetbrains.kotlin.cli.jvm.compiler.CliVirtualFileFinder$findClass$1::invoke (50 bytes)
Event: 8.876 Thread 0x00000209507c6440 nmethod 11475 0x0000020934fbb610 code [0x0000020934fbb7c0, 0x0000020934fbbae0]
Event: 8.877 Thread 0x000002094a5cb110 nmethod 11476 0x0000020934fbbc10 code [0x0000020934fbbee0, 0x0000020934fbcbb0]

GC Heap History (20 events):
Event: 2.145 GC heap before
{Heap before GC invocations=3 (full 0):
 garbage-first heap   total 40960K, used 37450K [0x0000000709400000, 0x0000000800000000)
  region size 2048K, 17 young (34816K), 3 survivors (6144K)
 Metaspace       used 25821K, committed 26112K, reserved 1114112K
  class space    used 3087K, committed 3200K, reserved 1048576K
}
Event: 2.153 GC heap after
{Heap after GC invocations=4 (full 0):
 garbage-first heap   total 53248K, used 16708K [0x0000000709400000, 0x0000000800000000)
  region size 2048K, 4 young (8192K), 4 survivors (8192K)
 Metaspace       used 25821K, committed 26112K, reserved 1114112K
  class space    used 3087K, committed 3200K, reserved 1048576K
}
Event: 2.686 GC heap before
{Heap before GC invocations=4 (full 0):
 garbage-first heap   total 53248K, used 39236K [0x0000000709400000, 0x0000000800000000)
  region size 2048K, 15 young (30720K), 4 survivors (8192K)
 Metaspace       used 31623K, committed 31872K, reserved 1114112K
  class space    used 3910K, committed 4032K, reserved 1048576K
}
Event: 2.694 GC heap after
{Heap after GC invocations=5 (full 0):
 garbage-first heap   total 53248K, used 17591K [0x0000000709400000, 0x0000000800000000)
  region size 2048K, 2 young (4096K), 2 survivors (4096K)
 Metaspace       used 31623K, committed 31872K, reserved 1114112K
  class space    used 3910K, committed 4032K, reserved 1048576K
}
Event: 2.934 GC heap before
{Heap before GC invocations=5 (full 0):
 garbage-first heap   total 53248K, used 36023K [0x0000000709400000, 0x0000000800000000)
  region size 2048K, 12 young (24576K), 2 survivors (4096K)
 Metaspace       used 35908K, committed 36096K, reserved 1114112K
  class space    used 4306K, committed 4416K, reserved 1048576K
}
Event: 2.938 GC heap after
{Heap after GC invocations=6 (full 0):
 garbage-first heap   total 53248K, used 19963K [0x0000000709400000, 0x0000000800000000)
  region size 2048K, 1 young (2048K), 1 survivors (2048K)
 Metaspace       used 35908K, committed 36096K, reserved 1114112K
  class space    used 4306K, committed 4416K, reserved 1048576K
}
Event: 3.208 GC heap before
{Heap before GC invocations=7 (full 0):
 garbage-first heap   total 53248K, used 40443K [0x0000000709400000, 0x0000000800000000)
  region size 2048K, 12 young (24576K), 1 survivors (2048K)
 Metaspace       used 39465K, committed 40064K, reserved 1114112K
  class space    used 4781K, committed 5056K, reserved 1048576K
}
Event: 3.212 GC heap after
{Heap after GC invocations=8 (full 0):
 garbage-first heap   total 53248K, used 21830K [0x0000000709400000, 0x0000000800000000)
  region size 2048K, 2 young (4096K), 2 survivors (4096K)
 Metaspace       used 39465K, committed 40064K, reserved 1114112K
  class space    used 4781K, committed 5056K, reserved 1048576K
}
Event: 3.631 GC heap before
{Heap before GC invocations=8 (full 0):
 garbage-first heap   total 53248K, used 44358K [0x0000000709400000, 0x0000000800000000)
  region size 2048K, 13 young (26624K), 2 survivors (4096K)
 Metaspace       used 42387K, committed 43072K, reserved 1114112K
  class space    used 5081K, committed 5440K, reserved 1048576K
}
Event: 3.642 GC heap after
{Heap after GC invocations=9 (full 0):
 garbage-first heap   total 155648K, used 26555K [0x0000000709400000, 0x0000000800000000)
  region size 2048K, 2 young (4096K), 2 survivors (4096K)
 Metaspace       used 42387K, committed 43072K, reserved 1114112K
  class space    used 5081K, committed 5440K, reserved 1048576K
}
Event: 5.075 GC heap before
{Heap before GC invocations=9 (full 0):
 garbage-first heap   total 155648K, used 114619K [0x0000000709400000, 0x0000000800000000)
  region size 2048K, 45 young (92160K), 2 survivors (4096K)
 Metaspace       used 51904K, committed 52672K, reserved 1114112K
  class space    used 6084K, committed 6464K, reserved 1048576K
}
Event: 5.092 GC heap after
{Heap after GC invocations=10 (full 0):
 garbage-first heap   total 155648K, used 42222K [0x0000000709400000, 0x0000000800000000)
  region size 2048K, 6 young (12288K), 6 survivors (12288K)
 Metaspace       used 51904K, committed 52672K, reserved 1114112K
  class space    used 6084K, committed 6464K, reserved 1048576K
}
Event: 6.848 GC heap before
{Heap before GC invocations=10 (full 0):
 garbage-first heap   total 155648K, used 122094K [0x0000000709400000, 0x0000000800000000)
  region size 2048K, 44 young (90112K), 6 survivors (12288K)
 Metaspace       used 58056K, committed 58816K, reserved 1114112K
  class space    used 6670K, committed 7040K, reserved 1048576K
}
Event: 6.876 GC heap after
{Heap after GC invocations=11 (full 0):
 garbage-first heap   total 155648K, used 59139K [0x0000000709400000, 0x0000000800000000)
  region size 2048K, 6 young (12288K), 6 survivors (12288K)
 Metaspace       used 58056K, committed 58816K, reserved 1114112K
  class space    used 6670K, committed 7040K, reserved 1048576K
}
Event: 7.748 GC heap before
{Heap before GC invocations=11 (full 0):
 garbage-first heap   total 155648K, used 122627K [0x0000000709400000, 0x0000000800000000)
  region size 2048K, 37 young (75776K), 6 survivors (12288K)
 Metaspace       used 59489K, committed 60288K, reserved 1114112K
  class space    used 6801K, committed 7168K, reserved 1048576K
}
Event: 7.772 GC heap after
{Heap after GC invocations=12 (full 0):
 garbage-first heap   total 155648K, used 71144K [0x0000000709400000, 0x0000000800000000)
  region size 2048K, 5 young (10240K), 5 survivors (10240K)
 Metaspace       used 59489K, committed 60288K, reserved 1114112K
  class space    used 6801K, committed 7168K, reserved 1048576K
}
Event: 7.824 GC heap before
{Heap before GC invocations=12 (full 0):
 garbage-first heap   total 155648K, used 71144K [0x0000000709400000, 0x0000000800000000)
  region size 2048K, 6 young (12288K), 5 survivors (10240K)
 Metaspace       used 59677K, committed 60416K, reserved 1114112K
  class space    used 6824K, committed 7168K, reserved 1048576K
}
Event: 7.836 GC heap after
{Heap after GC invocations=13 (full 0):
 garbage-first heap   total 188416K, used 74562K [0x0000000709400000, 0x0000000800000000)
  region size 2048K, 1 young (2048K), 1 survivors (2048K)
 Metaspace       used 59677K, committed 60416K, reserved 1114112K
  class space    used 6824K, committed 7168K, reserved 1048576K
}
Event: 8.606 GC heap before
{Heap before GC invocations=14 (full 0):
 garbage-first heap   total 188416K, used 152386K [0x0000000709400000, 0x0000000800000000)
  region size 2048K, 39 young (79872K), 1 survivors (2048K)
 Metaspace       used 61400K, committed 62144K, reserved 1114112K
  class space    used 6916K, committed 7296K, reserved 1048576K
}
Event: 8.618 GC heap after
{Heap after GC invocations=15 (full 0):
 garbage-first heap   total 188416K, used 85048K [0x0000000709400000, 0x0000000800000000)
  region size 2048K, 5 young (10240K), 5 survivors (10240K)
 Metaspace       used 61400K, committed 62144K, reserved 1114112K
  class space    used 6916K, committed 7296K, reserved 1048576K
}

Dll operation events (3 events):
Event: 0.008 Loaded shared library C:\Program Files\Android\Android Studio1\jbr\bin\java.dll
Event: 0.014 Loaded shared library C:\Program Files\Android\Android Studio1\jbr\bin\zip.dll
Event: 1.415 Loaded shared library C:\Program Files\Android\Android Studio1\jbr\bin\verify.dll

Deoptimization events (20 events):
Event: 8.870 Thread 0x000002092db7fd30 Uncommon trap: trap_request=0xffffffde fr.pc=0x000002093b0ffbdc relative=0x0000000000000b9c
Event: 8.870 Thread 0x000002092db7fd30 Uncommon trap: reason=class_check action=maybe_recompile pc=0x000002093b0ffbdc method=org.jetbrains.kotlin.com.intellij.extapi.psi.StubBasedPsiElementBase.getStubOrPsiChildren(Lorg/jetbrains/kotlin/com/intellij/psi/tree/TokenSet;Lorg/jetbrains/kotlin/com/
Event: 8.870 Thread 0x000002092db7fd30 DEOPT PACKING pc=0x000002093b0ffbdc sp=0x000000b57c0f9cd0
Event: 8.870 Thread 0x000002092db7fd30 DEOPT UNPACKING pc=0x000002093a4846a2 sp=0x000000b57c0f9c98 mode 2
Event: 8.870 Thread 0x000002092db7fd30 Uncommon trap: trap_request=0xffffffc6 fr.pc=0x000002093b0e66e4 relative=0x00000000000007e4
Event: 8.870 Thread 0x000002092db7fd30 Uncommon trap: reason=bimorphic_or_optimized_type_check action=maybe_recompile pc=0x000002093b0e66e4 method=org.jetbrains.kotlin.com.intellij.psi.impl.source.tree.CompositeElement.getChildren(Lorg/jetbrains/kotlin/com/intellij/psi/tree/TokenSet;)[Lorg/jet
Event: 8.870 Thread 0x000002092db7fd30 DEOPT PACKING pc=0x000002093b0e66e4 sp=0x000000b57c0f9c40
Event: 8.870 Thread 0x000002092db7fd30 DEOPT UNPACKING pc=0x000002093a4846a2 sp=0x000000b57c0f9c18 mode 2
Event: 8.873 Thread 0x000002092db7fd30 Uncommon trap: trap_request=0xffffffde fr.pc=0x000002093b0ffbdc relative=0x0000000000000b9c
Event: 8.873 Thread 0x000002092db7fd30 Uncommon trap: reason=class_check action=maybe_recompile pc=0x000002093b0ffbdc method=org.jetbrains.kotlin.com.intellij.extapi.psi.StubBasedPsiElementBase.getStubOrPsiChildren(Lorg/jetbrains/kotlin/com/intellij/psi/tree/TokenSet;Lorg/jetbrains/kotlin/com/
Event: 8.873 Thread 0x000002092db7fd30 DEOPT PACKING pc=0x000002093b0ffbdc sp=0x000000b57c0f9cd0
Event: 8.873 Thread 0x000002092db7fd30 DEOPT UNPACKING pc=0x000002093a4846a2 sp=0x000000b57c0f9c98 mode 2
Event: 8.873 Thread 0x000002092db7fd30 Uncommon trap: trap_request=0xffffff45 fr.pc=0x000002093b0e6600 relative=0x0000000000000700
Event: 8.873 Thread 0x000002092db7fd30 Uncommon trap: reason=unstable_if action=reinterpret pc=0x000002093b0e6600 method=org.jetbrains.kotlin.com.intellij.psi.impl.source.tree.CompositeElement.getChildren(Lorg/jetbrains/kotlin/com/intellij/psi/tree/TokenSet;)[Lorg/jetbrains/kotlin/com/intellij
Event: 8.873 Thread 0x000002092db7fd30 DEOPT PACKING pc=0x000002093b0e6600 sp=0x000000b57c0f9c40
Event: 8.873 Thread 0x000002092db7fd30 DEOPT UNPACKING pc=0x000002093a4846a2 sp=0x000000b57c0f9c18 mode 2
Event: 8.876 Thread 0x000002092db7fd30 Uncommon trap: trap_request=0xffffffde fr.pc=0x000002093b486378 relative=0x00000000000001b8
Event: 8.876 Thread 0x000002092db7fd30 Uncommon trap: reason=class_check action=maybe_recompile pc=0x000002093b486378 method=org.jetbrains.kotlin.resolve.source.PsiSourceElementKt.getPsi(Lorg/jetbrains/kotlin/descriptors/SourceElement;)Lorg/jetbrains/kotlin/com/intellij/psi/PsiElement; @ 14 c2
Event: 8.876 Thread 0x000002092db7fd30 DEOPT PACKING pc=0x000002093b486378 sp=0x000000b57c0f9540
Event: 8.876 Thread 0x000002092db7fd30 DEOPT UNPACKING pc=0x000002093a4846a2 sp=0x000000b57c0f9468 mode 2

Classes loaded (20 events):
Event: 4.208 Loading class java/util/function/IntConsumer done
Event: 4.208 Loading class java/util/stream/Sink$OfInt done
Event: 4.208 Loading class java/util/stream/Sink$ChainedInt done
Event: 4.208 Loading class java/util/stream/IntPipeline$1$1 done
Event: 4.442 Loading class java/util/ComparableTimSort
Event: 4.442 Loading class java/util/ComparableTimSort done
Event: 4.742 Loading class java/util/Collections$SingletonMap
Event: 4.742 Loading class java/util/Collections$SingletonMap done
Event: 5.024 Loading class java/security/CodeSigner
Event: 5.024 Loading class java/security/CodeSigner done
Event: 6.545 Loading class java/util/RegularEnumSet$EnumSetIterator
Event: 6.545 Loading class java/util/RegularEnumSet$EnumSetIterator done
Event: 6.720 Loading class java/util/function/ToIntFunction
Event: 6.720 Loading class java/util/function/ToIntFunction done
Event: 7.559 Loading class java/util/regex/Pattern$Bound
Event: 7.559 Loading class java/util/regex/Pattern$Bound done
Event: 7.559 Loading class java/util/regex/Pattern$LookBehindEndNode
Event: 7.559 Loading class java/util/regex/Pattern$LookBehindEndNode done
Event: 7.559 Loading class java/util/regex/Pattern$NotBehind
Event: 7.559 Loading class java/util/regex/Pattern$NotBehind done

Classes unloaded (0 events):
No events

Classes redefined (0 events):
No events

Internal exceptions (20 events):
Event: 4.550 Thread 0x000002092db7fd30 Implicit null exception at 0x000002093aeea03d to 0x000002093aeea078
Event: 5.146 Thread 0x000002092db7fd30 Exception <a 'java/lang/NoSuchMethodError'{0x0000000716c2ce80}: 'java.lang.Object java.lang.invoke.DirectMethodHandle$Holder.newInvokeSpecial(java.lang.Object, int, java.lang.Object)'> (0x0000000716c2ce80) 
thrown [s\src\hotspot\share\interpreter\linkResolver.cpp, line 784]
Event: 5.147 Thread 0x000002092db7fd30 Exception <a 'java/lang/NoSuchMethodError'{0x0000000716c32b98}: 'int java.lang.invoke.DirectMethodHandle$Holder.invokeInterface(java.lang.Object, java.lang.Object)'> (0x0000000716c32b98) 
thrown [s\src\hotspot\share\interpreter\linkResolver.cpp, line 784]
Event: 5.430 Thread 0x000002092db7fd30 Implicit null exception at 0x000002093af73e1e to 0x000002093af74414
Event: 5.471 Thread 0x000002092db7fd30 Implicit null exception at 0x000002093af14303 to 0x000002093af1454c
Event: 5.583 Thread 0x000002092db7fd30 Implicit null exception at 0x000002093ae4777a to 0x000002093ae47c18
Event: 5.622 Thread 0x000002092db7fd30 Implicit null exception at 0x000002093adf2f99 to 0x000002093adf31a4
Event: 5.631 Thread 0x000002092db7fd30 Implicit null exception at 0x000002093ac54a9d to 0x000002093ac54cac
Event: 6.448 Thread 0x000002092db7fd30 Exception <a 'java/lang/NoSuchMethodError'{0x000000070ed30140}: 'java.lang.Object java.lang.invoke.DirectMethodHandle$Holder.invokeStatic(java.lang.Object, int, java.lang.Object)'> (0x000000070ed30140) 
thrown [s\src\hotspot\share\interpreter\linkResolver.cpp, line 784]
Event: 6.543 Thread 0x000002092db7fd30 Exception <a 'java/lang/NoSuchMethodError'{0x000000070e89f450}: 'java.lang.Object java.lang.invoke.DirectMethodHandle$Holder.invokeSpecial(java.lang.Object, java.lang.Object, java.lang.Object, java.lang.Object, java.lang.Object, java.lang.Object, int)'> (0x000000070e89f450) 
thrown [s\src\hotspot\share\interpreter\linkResolver.cpp, line 784]
Event: 6.738 Thread 0x000002092db7fd30 Exception <a 'java/lang/NoSuchMethodError'{0x000000070e17bd28}: 'java.lang.Object java.lang.invoke.DirectMethodHandle$Holder.newInvokeSpecial(java.lang.Object, java.lang.Object, java.lang.Object, java.lang.Object, int)'> (0x000000070e17bd28) 
thrown [s\src\hotspot\share\interpreter\linkResolver.cpp, line 784]
Event: 6.738 Thread 0x000002092db7fd30 Exception <a 'java/lang/NoSuchMethodError'{0x000000070e180238}: 'java.lang.Object java.lang.invoke.DirectMethodHandle$Holder.invokeSpecial(java.lang.Object, java.lang.Object, java.lang.Object, java.lang.Object, java.lang.Object, int)'> (0x000000070e180238) 
thrown [s\src\hotspot\share\interpreter\linkResolver.cpp, line 784]
Event: 6.739 Thread 0x000002092db7fd30 Exception <a 'java/lang/NoSuchMethodError'{0x000000070e184208}: 'java.lang.Object java.lang.invoke.Invokers$Holder.linkToTargetMethod(java.lang.Object, java.lang.Object, java.lang.Object, int, java.lang.Object)'> (0x000000070e184208) 
thrown [s\src\hotspot\share\interpreter\linkResolver.cpp, line 784]
Event: 7.406 Thread 0x000002092db7fd30 Implicit null exception at 0x000002093abc52bd to 0x000002093abc5341
Event: 7.577 Thread 0x000002092db7fd30 Exception <a 'java/lang/NoSuchMethodError'{0x000000070efcc858}: 'int java.lang.invoke.DirectMethodHandle$Holder.invokeStaticInit(java.lang.Object, int)'> (0x000000070efcc858) 
thrown [s\src\hotspot\share\interpreter\linkResolver.cpp, line 784]
Event: 7.587 Thread 0x000002092db7fd30 Implicit null exception at 0x000002093b1836ef to 0x000002093b183be0
Event: 7.669 Thread 0x000002092db7fd30 Exception <a 'java/lang/NoSuchMethodError'{0x000000070ea6a288}: 'java.lang.Object java.lang.invoke.DirectMethodHandle$Holder.newInvokeSpecial(java.lang.Object, int, java.lang.Object, java.lang.Object)'> (0x000000070ea6a288) 
thrown [s\src\hotspot\share\interpreter\linkResolver.cpp, line 784]
Event: 7.694 Thread 0x000002092db7fd30 Implicit null exception at 0x000002093b305e4f to 0x000002093b3073b4
Event: 7.694 Thread 0x000002092db7fd30 Implicit null exception at 0x000002093b330bb7 to 0x000002093b338004
Event: 7.694 Thread 0x000002092db7fd30 Implicit null exception at 0x000002093b2cc864 to 0x000002093b2d0698

ZGC Phase Switch (0 events):
No events

VM Operations (20 events):
Event: 8.248 Executing VM operation: HandshakeAllThreads (Deoptimize)
Event: 8.248 Executing VM operation: HandshakeAllThreads (Deoptimize) done
Event: 8.278 Executing VM operation: ICBufferFull
Event: 8.278 Executing VM operation: ICBufferFull done
Event: 8.476 Executing VM operation: ICBufferFull
Event: 8.476 Executing VM operation: ICBufferFull done
Event: 8.546 Executing VM operation: HandshakeAllThreads (Deoptimize)
Event: 8.546 Executing VM operation: HandshakeAllThreads (Deoptimize) done
Event: 8.565 Executing VM operation: ICBufferFull
Event: 8.565 Executing VM operation: ICBufferFull done
Event: 8.572 Executing VM operation: HandshakeAllThreads (Deoptimize)
Event: 8.572 Executing VM operation: HandshakeAllThreads (Deoptimize) done
Event: 8.606 Executing VM operation: G1CollectForAllocation (G1 Evacuation Pause)
Event: 8.618 Executing VM operation: G1CollectForAllocation (G1 Evacuation Pause) done
Event: 8.766 Executing VM operation: ICBufferFull
Event: 8.766 Executing VM operation: ICBufferFull done
Event: 8.851 Executing VM operation: HandshakeAllThreads (Deoptimize)
Event: 8.851 Executing VM operation: HandshakeAllThreads (Deoptimize) done
Event: 9.850 Executing VM operation: Cleanup
Event: 9.851 Executing VM operation: Cleanup done

Events (20 events):
Event: 7.882 Thread 0x000002094a6197f0 flushing nmethod 0x000002093ac3f910
Event: 7.882 Thread 0x000002094a6197f0 flushing nmethod 0x000002093ac30c10
Event: 7.882 Thread 0x000002094a6197f0 flushing nmethod 0x000002093abeab90
Event: 7.882 Thread 0x000002094a6197f0 flushing nmethod 0x000002093ac14c10
Event: 7.882 Thread 0x000002094a6197f0 flushing nmethod 0x000002093ac10590
Event: 7.882 Thread 0x000002094a6197f0 flushing nmethod 0x000002093ac1e290
Event: 7.882 Thread 0x000002094a6197f0 flushing nmethod 0x000002093ac03810
Event: 7.882 Thread 0x000002094a6197f0 flushing nmethod 0x000002093abfe710
Event: 7.882 Thread 0x000002094a6197f0 flushing nmethod 0x000002093ac02510
Event: 7.882 Thread 0x000002094a6197f0 flushing nmethod 0x000002093abfde10
Event: 7.882 Thread 0x000002094a6197f0 flushing nmethod 0x000002093abbed10
Event: 7.882 Thread 0x000002094a6197f0 flushing nmethod 0x000002093abd5690
Event: 7.882 Thread 0x000002094a6197f0 flushing nmethod 0x000002093abca090
Event: 7.882 Thread 0x000002094a6197f0 flushing nmethod 0x000002093abc2610
Event: 7.882 Thread 0x000002094a6197f0 flushing nmethod 0x000002093abb4410
Event: 7.882 Thread 0x000002094a6197f0 flushing nmethod 0x000002093aba9b90
Event: 7.882 Thread 0x000002094a6197f0 flushing nmethod 0x000002093ab98090
Event: 7.890 Thread 0x000002095395c4d0 Thread exited: 0x000002095395c4d0
Event: 8.435 Thread 0x000002095384c780 Thread added: 0x000002095384c780
Event: 8.450 Thread 0x00000209538497d0 Thread added: 0x00000209538497d0


Dynamic libraries:
0x00007ff745b30000 - 0x00007ff745b3a000 	C:\Program Files\Android\Android Studio1\jbr\bin\java.exe
0x00007ffb25380000 - 0x00007ffb255de000 	C:\WINDOWS\SYSTEM32\ntdll.dll
0x00007ffb23fb0000 - 0x00007ffb24078000 	C:\WINDOWS\System32\KERNEL32.DLL
0x00007ffb22a00000 - 0x00007ffb22db2000 	C:\WINDOWS\System32\KERNELBASE.dll
0x00007ffb22f20000 - 0x00007ffb2306b000 	C:\WINDOWS\System32\ucrtbase.dll
0x00007ffb01530000 - 0x00007ffb0154b000 	C:\Program Files\Android\Android Studio1\jbr\bin\VCRUNTIME140.dll
0x00007ffb193d0000 - 0x00007ffb193e8000 	C:\Program Files\Android\Android Studio1\jbr\bin\jli.dll
0x00007ffb24640000 - 0x00007ffb24808000 	C:\WINDOWS\System32\USER32.dll
0x00007ffb22dc0000 - 0x00007ffb22de7000 	C:\WINDOWS\System32\win32u.dll
0x00007ffb0b640000 - 0x00007ffb0b8d0000 	C:\WINDOWS\WinSxS\amd64_microsoft.windows.common-controls_6595b64144ccf1df_6.0.26100.2222_none_3e08959ce3342d77\COMCTL32.dll
0x00007ffb23d50000 - 0x00007ffb23d7a000 	C:\WINDOWS\System32\GDI32.dll
0x00007ffb24510000 - 0x00007ffb245b9000 	C:\WINDOWS\System32\msvcrt.dll
0x00007ffb228d0000 - 0x00007ffb229fb000 	C:\WINDOWS\System32\gdi32full.dll
0x00007ffb23070000 - 0x00007ffb23113000 	C:\WINDOWS\System32\msvcp_win.dll
0x00007ffb23d80000 - 0x00007ffb23daf000 	C:\WINDOWS\System32\IMM32.DLL
0x00007ffb19240000 - 0x00007ffb1924c000 	C:\Program Files\Android\Android Studio1\jbr\bin\vcruntime140_1.dll
0x00007ffafb200000 - 0x00007ffafb28d000 	C:\Program Files\Android\Android Studio1\jbr\bin\msvcp140.dll
0x00007ffab57c0000 - 0x00007ffab643d000 	C:\Program Files\Android\Android Studio1\jbr\bin\server\jvm.dll
0x00007ffb23af0000 - 0x00007ffb23ba3000 	C:\WINDOWS\System32\ADVAPI32.dll
0x00007ffb232d0000 - 0x00007ffb23376000 	C:\WINDOWS\System32\sechost.dll
0x00007ffb23930000 - 0x00007ffb23a46000 	C:\WINDOWS\System32\RPCRT4.dll
0x00007ffb245c0000 - 0x00007ffb24634000 	C:\WINDOWS\System32\WS2_32.dll
0x00007ffb225e0000 - 0x00007ffb2262e000 	C:\WINDOWS\SYSTEM32\POWRPROF.dll
0x00007ffb1bd60000 - 0x00007ffb1bd6b000 	C:\WINDOWS\SYSTEM32\VERSION.dll
0x00007ffb1bd20000 - 0x00007ffb1bd56000 	C:\WINDOWS\SYSTEM32\WINMM.dll
0x00007ffb225c0000 - 0x00007ffb225d4000 	C:\WINDOWS\SYSTEM32\UMPDC.dll
0x00007ffb214f0000 - 0x00007ffb2150a000 	C:\WINDOWS\SYSTEM32\kernel.appcore.dll
0x00007ffb191e0000 - 0x00007ffb191ea000 	C:\Program Files\Android\Android Studio1\jbr\bin\jimage.dll
0x00007ffb17dd0000 - 0x00007ffb18011000 	C:\WINDOWS\SYSTEM32\DBGHELP.DLL
0x00007ffb23460000 - 0x00007ffb237de000 	C:\WINDOWS\System32\combase.dll
0x00007ffb23380000 - 0x00007ffb23456000 	C:\WINDOWS\System32\OLEAUT32.dll
0x00007ffb0d840000 - 0x00007ffb0d879000 	C:\WINDOWS\SYSTEM32\dbgcore.DLL
0x00007ffb22e80000 - 0x00007ffb22f19000 	C:\WINDOWS\System32\bcryptPrimitives.dll
0x00007ffaffdf0000 - 0x00007ffaffe0f000 	C:\Program Files\Android\Android Studio1\jbr\bin\java.dll
0x00007ffaffb80000 - 0x00007ffaffb98000 	C:\Program Files\Android\Android Studio1\jbr\bin\zip.dll
0x00007ffb24900000 - 0x00007ffb25001000 	C:\WINDOWS\System32\SHELL32.dll
0x00007ffb204a0000 - 0x00007ffb20cd2000 	C:\WINDOWS\SYSTEM32\windows.storage.dll
0x00007ffb24810000 - 0x00007ffb248ea000 	C:\WINDOWS\System32\SHCORE.dll
0x00007ffb25010000 - 0x00007ffb2506d000 	C:\WINDOWS\System32\shlwapi.dll
0x00007ffb22660000 - 0x00007ffb2268e000 	C:\WINDOWS\SYSTEM32\profapi.dll
0x00007ffb18f30000 - 0x00007ffb18f40000 	C:\Program Files\Android\Android Studio1\jbr\bin\net.dll
0x00007ffb18da0000 - 0x00007ffb18ec6000 	C:\WINDOWS\SYSTEM32\WINHTTP.dll
0x00007ffb21a90000 - 0x00007ffb21af8000 	C:\WINDOWS\system32\mswsock.dll
0x00007ffaff7c0000 - 0x00007ffaff7d6000 	C:\Program Files\Android\Android Studio1\jbr\bin\nio.dll
0x00007ffb090f0000 - 0x00007ffb09100000 	C:\Program Files\Android\Android Studio1\jbr\bin\verify.dll

dbghelp: loaded successfully - version: 4.0.5 - missing functions: none
symbol engine: initialized successfully - sym options: 0x614 - pdb path: .;C:\Program Files\Android\Android Studio1\jbr\bin;C:\WINDOWS\SYSTEM32;C:\WINDOWS\WinSxS\amd64_microsoft.windows.common-controls_6595b64144ccf1df_6.0.26100.2222_none_3e08959ce3342d77;C:\Program Files\Android\Android Studio1\jbr\bin\server

VM Arguments:
java_command: org.jetbrains.kotlin.cli.jvm.K2JVMCompiler @D:\TOTNGHIEP\New folder (2)\Money_Manager_App\app\build\20241204_6448794162929030364.compiler.options
java_class_path (initial): C:\Users\nang2\.gradle\caches\modules-2\files-2.1\org.jetbrains.kotlin\kotlin-compiler-embeddable\1.9.23\460f3eeb4ac5383e60a09898bafa9b63838cc2ea\kotlin-compiler-embeddable-1.9.23.jar;C:\Users\nang2\.gradle\caches\modules-2\files-2.1\org.jetbrains.kotlin\kotlin-stdlib\1.9.23\dbaadea1f5e68f790d242a91a38355a83ec38747\kotlin-stdlib-1.9.23.jar;C:\Users\nang2\.gradle\caches\modules-2\files-2.1\org.jetbrains.kotlin\kotlin-script-runtime\1.9.23\1375a7343d05891119fac57f8b50a7578420ac27\kotlin-script-runtime-1.9.23.jar;C:\Users\nang2\.gradle\caches\modules-2\files-2.1\org.jetbrains.kotlin\kotlin-reflect\1.6.10\1cbe9c92c12a94eea200d23c2bbaedaf3daf5132\kotlin-reflect-1.6.10.jar;C:\Users\nang2\.gradle\caches\modules-2\files-2.1\org.jetbrains.kotlin\kotlin-daemon-embeddable\1.9.23\a6ad5e888015dc4f9eb828ea753167f256093c6a\kotlin-daemon-embeddable-1.9.23.jar;C:\Users\nang2\.gradle\caches\modules-2\files-2.1\org.jetbrains.intellij.deps\trove4j\1.0.20200330\3afb14d5f9ceb459d724e907a21145e8ff394f02\trove4j-1.0.20200330.jar;C:\Users\nang2\.gradle\caches\modules-2\files-2.1\org.jetbrains\annotations\13.0\919f0dfe192fb4e063e7dacadee7f8bb9a2672a9\annotations-13.0.jar
Launcher Type: SUN_STANDARD

[Global flags]
     intx CICompilerCount                          = 12                                        {product} {ergonomic}
     uint ConcGCThreads                            = 3                                         {product} {ergonomic}
     uint G1ConcRefinementThreads                  = 13                                        {product} {ergonomic}
   size_t G1HeapRegionSize                         = 2097152                                   {product} {ergonomic}
    uintx GCDrainStackTargetSize                   = 64                                        {product} {ergonomic}
   size_t InitialHeapSize                          = 260046848                                 {product} {ergonomic}
   size_t MarkStackSize                            = 4194304                                   {product} {ergonomic}
   size_t MaxHeapSize                              = 4139778048                                {product} {ergonomic}
   size_t MaxNewSize                               = 2483027968                                {product} {ergonomic}
   size_t MinHeapDeltaBytes                        = 2097152                                   {product} {ergonomic}
   size_t MinHeapSize                              = 8388608                                   {product} {ergonomic}
    uintx NonNMethodCodeHeapSize                   = 7602480                                {pd product} {ergonomic}
    uintx NonProfiledCodeHeapSize                  = 122027880                              {pd product} {ergonomic}
    uintx ProfiledCodeHeapSize                     = 122027880                              {pd product} {ergonomic}
    uintx ReservedCodeCacheSize                    = 251658240                              {pd product} {ergonomic}
     bool SegmentedCodeCache                       = true                                      {product} {ergonomic}
   size_t SoftMaxHeapSize                          = 4139778048                             {manageable} {ergonomic}
     bool UseCompressedOops                        = true                           {product lp64_product} {ergonomic}
     bool UseG1GC                                  = true                                      {product} {ergonomic}
     bool UseLargePagesIndividualAllocation        = false                                  {pd product} {ergonomic}

Logging:
Log output configuration:
 #0: stdout all=warning uptime,level,tags foldmultilines=false
 #1: stderr all=off uptime,level,tags foldmultilines=false

Environment Variables:
JAVA_HOME=C:\Program Files\Java\jdk-18.0.1
PATH=C:\flutter\bin;C:\Program Files\Common Files\Oracle\Java\javapath;C:\Program Files (x86)\Common Files\Oracle\Java\javapath;C:\WINDOWS\system32;C:\WINDOWS;C:\WINDOWS\System32\Wbem;C:\WINDOWS\System32\WindowsPowerShell\v1.0\;C:\WINDOWS\System32\OpenSSH\;C:\Program Files\dotnet\;C:\Program Files\Git\cmd;C:\ProgramData\chocolatey\bin;C:\Program Files\NVIDIA Corporation\NVIDIA NvDLISR;C:\Program Files (x86)\NVIDIA Corporation\PhysX\Common;C:\WINDOWS\system32;C:\WINDOWS;C:\WINDOWS\System32\Wbem;C:\WINDOWS\System32\WindowsPowerShell\v1.0\;C:\WINDOWS\System32\OpenSSH\;C:\Program Files\Cloudflare\Cloudflare WARP\;C:\flutter\bin;C:\Users\nang2\AppData\Local\Microsoft\WindowsApps;C:\Users\nang2\AppData\Local\Programs\Microsoft VS Code\bin;C:\Users\nang2\AppData\Local\GitHubDesktop\bin;C:\Users\nang2\AppData\Local\JetBrains\Toolbox\scripts;
USERNAME=asus
OS=Windows_NT
PROCESSOR_IDENTIFIER=AMD64 Family 23 Model 96 Stepping 1, AuthenticAMD
TMP=C:\Users\nang2\AppData\Local\Temp
TEMP=C:\Users\nang2\AppData\Local\Temp




Periodic native trim disabled

JNI global refs:
JNI global refs: 22, weak refs: 0

JNI global refs memory usage: 835, weak refs: 833

Process memory usage:
Resident Set Size: 475780K (2% of 16168500K total physical memory with 2334980K free physical memory)

OOME stack traces (most recent first):
Classloader memory used:
Loader jdk.internal.loader.ClassLoaders$AppClassLoader                                 : 49174K
Loader bootstrap                                                                       : 12838K
Loader java.net.URLClassLoader                                                         : 242K
Loader jdk.internal.loader.ClassLoaders$PlatformClassLoader                            : 19400B

---------------  S Y S T E M  ---------------

OS:
 Windows 11 , 64 bit Build 26100 (10.0.26100.2415)
OS uptime: 0 days 10:59 hours

CPU: total 16 (initial active 16) (16 cores per cpu, 2 threads per core) family 23 model 96 stepping 1 microcode 0x8600104, cx8, cmov, fxsr, ht, mmx, 3dnowpref, sse, sse2, sse3, ssse3, sse4a, sse4.1, sse4.2, popcnt, lzcnt, tsc, tscinvbit, avx, avx2, aes, clmul, bmi1, bmi2, adx, sha, fma, vzeroupper, clflush, clflushopt, rdtscp, rdpid, f16c
Processor Information for all 16 processors :
  Max Mhz: 2900, Current Mhz: 2900, Mhz Limit: 2900

Memory: 4k page, system-wide physical 15789M (2284M free)
TotalPageFile size 23981M (AvailPageFile size 24M)
current process WorkingSet (physical memory assigned to process): 464M, peak: 468M
current process commit charge ("private bytes"): 511M, peak: 514M

vm_info: OpenJDK 64-Bit Server VM (21.0.3+-12282718-b509.11) for windows-amd64 JRE (21.0.3+-12282718-b509.11), built on 2024-08-27T17:34:15Z by "builder" with MS VC++ 16.10 / 16.11 (VS2019)

END.
