#
# There is insufficient memory for the Java Runtime Environment to continue.
# Native memory allocation (mmap) failed to map 27262976 bytes. Error detail: G1 virtual space
# Possible reasons:
#   The system is out of physical RAM or swap space
#   This process is running with CompressedOops enabled, and the Java Heap may be blocking the growth of the native heap
# Possible solutions:
#   Reduce memory load on the system
#   Increase physical memory or swap space
#   Check if swap backing store is full
#   Decrease Java heap size (-Xmx/-Xms)
#   Decrease number of Java threads
#   Decrease Java thread stack sizes (-Xss)
#   Set larger code cache with -XX:ReservedCodeCacheSize=
#   JVM is running with Zero Based Compressed Oops mode in which the Java heap is
#     placed in the first 32GB address space. The Java Heap base address is the
#     maximum limit for the native heap growth. Please use -XX:HeapBaseMinAddress
#     to set the Java Heap base and to place the Java Heap above 32GB virtual address.
# This output file may be truncated or incomplete.
#
#  Out of Memory Error (os_windows.cpp:3815), pid=22384, tid=17604
#
# JRE version: OpenJDK Runtime Environment (21.0.3) (build 21.0.3+-12282718-b509.11)
# Java VM: OpenJDK 64-Bit Server VM (21.0.3+-12282718-b509.11, mixed mode, tiered, compressed oops, compressed class ptrs, g1 gc, windows-amd64)
# No core dump will be written. Minidumps are not enabled by default on client versions of Windows
#

---------------  S U M M A R Y ------------

Command Line: org.jetbrains.kotlin.cli.jvm.K2JVMCompiler @D:\TOTNGHIEP\New folder (2)\Money_Manager_App\app\build\20241218_9147038088629938612.compiler.options

Host: AMD Ryzen 7 4800H with Radeon Graphics         , 16 cores, 15G,  Windows 11 , 64 bit Build 26100 (10.0.26100.2702)
Time: Wed Dec 18 19:53:47 2024 SE Asia Standard Time elapsed time: 14.988865 seconds (0d 0h 0m 14s)

---------------  T H R E A D  ---------------

Current thread (0x00000213645e59e0):  VMThread "VM Thread"          [id=17604, stack(0x0000004b02d00000,0x0000004b02e00000) (1024K)]

Stack: [0x0000004b02d00000,0x0000004b02e00000]
Native frames: (J=compiled Java code, j=interpreted, Vv=VM code, C=native code)
V  [jvm.dll+0x6cafb9]
V  [jvm.dll+0x858523]
V  [jvm.dll+0x85aa7e]
V  [jvm.dll+0x85b163]
V  [jvm.dll+0x27d356]
V  [jvm.dll+0x6c7865]
V  [jvm.dll+0x6bbd3a]
V  [jvm.dll+0x35199b]
V  [jvm.dll+0x3595d6]
V  [jvm.dll+0x3aa826]
V  [jvm.dll+0x3aaaf8]
V  [jvm.dll+0x3240bc]
V  [jvm.dll+0x326ac6]
V  [jvm.dll+0x33092e]
V  [jvm.dll+0x3680c5]
V  [jvm.dll+0x860ac8]
V  [jvm.dll+0x861bc4]
V  [jvm.dll+0x862100]
V  [jvm.dll+0x862393]
V  [jvm.dll+0x800d78]
V  [jvm.dll+0x6c98cd]
C  [ucrtbase.dll+0x14ea0]
C  [KERNEL32.DLL+0x2e8d7]
C  [ntdll.dll+0xdf36c]

VM_Operation (0x0000004b028ff510): G1PauseRemark, mode: safepoint, requested by thread 0x000002134976a0c0


---------------  P R O C E S S  ---------------

Threads class SMR info:
_java_thread_list=0x000002136c273c10, length=20, elements={
0x0000021347c30c40, 0x00000213647a9490, 0x000002136478a5f0, 0x000002136478ef80,
0x000002136478f9e0, 0x0000021364792510, 0x00000213647936f0, 0x00000213647ba2e0,
0x00000213647bc460, 0x0000021364811860, 0x000002136496c220, 0x0000021364972a80,
0x0000021364811f30, 0x00000213648103f0, 0x000002136f6219d0, 0x000002136f620c30,
0x000002136f6220a0, 0x000002136f622770, 0x000002136f627260, 0x00000213715eb4b0
}

Java Threads: ( => current thread )
  0x0000021347c30c40 JavaThread "main"                              [_thread_blocked, id=18400, stack(0x0000004b02600000,0x0000004b02700000) (1024K)]
  0x00000213647a9490 JavaThread "Reference Handler"          daemon [_thread_blocked, id=8552, stack(0x0000004b02e00000,0x0000004b02f00000) (1024K)]
  0x000002136478a5f0 JavaThread "Finalizer"                  daemon [_thread_blocked, id=16952, stack(0x0000004b02f00000,0x0000004b03000000) (1024K)]
  0x000002136478ef80 JavaThread "Signal Dispatcher"          daemon [_thread_blocked, id=22516, stack(0x0000004b03000000,0x0000004b03100000) (1024K)]
  0x000002136478f9e0 JavaThread "Attach Listener"            daemon [_thread_blocked, id=18092, stack(0x0000004b03100000,0x0000004b03200000) (1024K)]
  0x0000021364792510 JavaThread "Service Thread"             daemon [_thread_blocked, id=21188, stack(0x0000004b03200000,0x0000004b03300000) (1024K)]
  0x00000213647936f0 JavaThread "Monitor Deflation Thread"   daemon [_thread_blocked, id=7128, stack(0x0000004b03300000,0x0000004b03400000) (1024K)]
  0x00000213647ba2e0 JavaThread "C2 CompilerThread0"         daemon [_thread_blocked, id=22524, stack(0x0000004b03400000,0x0000004b03500000) (1024K)]
  0x00000213647bc460 JavaThread "C1 CompilerThread0"         daemon [_thread_blocked, id=1188, stack(0x0000004b03500000,0x0000004b03600000) (1024K)]
  0x0000021364811860 JavaThread "C1 CompilerThread1"         daemon [_thread_blocked, id=20520, stack(0x0000004b03600000,0x0000004b03700000) (1024K)]
  0x000002136496c220 JavaThread "Notification Thread"        daemon [_thread_blocked, id=17444, stack(0x0000004b03700000,0x0000004b03800000) (1024K)]
  0x0000021364972a80 JavaThread "Common-Cleaner"             daemon [_thread_blocked, id=18136, stack(0x0000004b03800000,0x0000004b03900000) (1024K)]
  0x0000021364811f30 JavaThread "C1 CompilerThread2"         daemon [_thread_blocked, id=4532, stack(0x0000004b03b00000,0x0000004b03c00000) (1024K)]
  0x00000213648103f0 JavaThread "C1 CompilerThread3"         daemon [_thread_blocked, id=16696, stack(0x0000004b04a00000,0x0000004b04b00000) (1024K)]
  0x000002136f6219d0 JavaThread "C2 CompilerThread1"         daemon [_thread_blocked, id=444, stack(0x0000004b03900000,0x0000004b03a00000) (1024K)]
  0x000002136f620c30 JavaThread "C2 CompilerThread2"         daemon [_thread_blocked, id=16928, stack(0x0000004b04500000,0x0000004b04600000) (1024K)]
  0x000002136f6220a0 JavaThread "C2 CompilerThread3"         daemon [_thread_blocked, id=3336, stack(0x0000004b04600000,0x0000004b04700000) (1024K)]
  0x000002136f622770 JavaThread "C2 CompilerThread4"         daemon [_thread_blocked, id=10968, stack(0x0000004b04700000,0x0000004b04800000) (1024K)]
  0x000002136f627260 JavaThread "C2 CompilerThread5"         daemon [_thread_blocked, id=20212, stack(0x0000004b04d00000,0x0000004b04e00000) (1024K)]
  0x00000213715eb4b0 JavaThread "C2 CompilerThread6"         daemon [_thread_blocked, id=7784, stack(0x0000004b04e00000,0x0000004b04f00000) (1024K)]
Total: 20

Other Threads:
=>0x00000213645e59e0 VMThread "VM Thread"                           [id=17604, stack(0x0000004b02d00000,0x0000004b02e00000) (1024K)]
  0x0000021364579be0 WatcherThread "VM Periodic Task Thread"        [id=6396, stack(0x0000004b02c00000,0x0000004b02d00000) (1024K)]
  0x0000021349759b10 WorkerThread "GC Thread#0"                     [id=21876, stack(0x0000004b02700000,0x0000004b02800000) (1024K)]
  0x0000021369586160 WorkerThread "GC Thread#1"                     [id=12668, stack(0x0000004b03c00000,0x0000004b03d00000) (1024K)]
  0x0000021369585680 WorkerThread "GC Thread#2"                     [id=21256, stack(0x0000004b03d00000,0x0000004b03e00000) (1024K)]
  0x0000021369586c40 WorkerThread "GC Thread#3"                     [id=18808, stack(0x0000004b03e00000,0x0000004b03f00000) (1024K)]
  0x0000021369585a20 WorkerThread "GC Thread#4"                     [id=21116, stack(0x0000004b03f00000,0x0000004b04000000) (1024K)]
  0x0000021369585dc0 WorkerThread "GC Thread#5"                     [id=20036, stack(0x0000004b04000000,0x0000004b04100000) (1024K)]
  0x0000021369b19170 WorkerThread "GC Thread#6"                     [id=5772, stack(0x0000004b03a00000,0x0000004b03b00000) (1024K)]
  0x0000021369b1a730 WorkerThread "GC Thread#7"                     [id=21672, stack(0x0000004b04100000,0x0000004b04200000) (1024K)]
  0x0000021369b18dd0 WorkerThread "GC Thread#8"                     [id=10028, stack(0x0000004b04200000,0x0000004b04300000) (1024K)]
  0x0000021369b1b210 WorkerThread "GC Thread#9"                     [id=22168, stack(0x0000004b04800000,0x0000004b04900000) (1024K)]
  0x0000021369b198b0 WorkerThread "GC Thread#10"                    [id=5812, stack(0x0000004b04900000,0x0000004b04a00000) (1024K)]
  0x0000021369b1b5b0 WorkerThread "GC Thread#11"                    [id=21860, stack(0x0000004b04b00000,0x0000004b04c00000) (1024K)]
  0x0000021369b18690 WorkerThread "GC Thread#12"                    [id=21492, stack(0x0000004b04c00000,0x0000004b04d00000) (1024K)]
  0x000002134976a0c0 ConcurrentGCThread "G1 Main Marker"            [id=21480, stack(0x0000004b02800000,0x0000004b02900000) (1024K)]
  0x000002134976b910 WorkerThread "G1 Conc#0"                       [id=21344, stack(0x0000004b02900000,0x0000004b02a00000) (1024K)]
  0x0000021369b19c50 WorkerThread "G1 Conc#1"                       [id=19528, stack(0x0000004b04300000,0x0000004b04400000) (1024K)]
  0x0000021369b19510 WorkerThread "G1 Conc#2"                       [id=21944, stack(0x0000004b04400000,0x0000004b04500000) (1024K)]
  0x000002136444ee80 ConcurrentGCThread "G1 Refine#0"               [id=19888, stack(0x0000004b02a00000,0x0000004b02b00000) (1024K)]
  0x00000213644506b0 ConcurrentGCThread "G1 Service"                [id=2904, stack(0x0000004b02b00000,0x0000004b02c00000) (1024K)]
Total: 21

Threads with active compile tasks:
C2 CompilerThread0    15003 19503       4       org.jetbrains.kotlin.backend.common.lower.DefaultArgumentFunctionFactory::generateDefaultsFunction (704 bytes)
C1 CompilerThread0    15003 19623       3       org.jetbrains.kotlin.backend.jvm.lower.JvmArgumentNullabilityAssertionsLowering::visitBranch (10 bytes)
C1 CompilerThread1    15003 19624       3       org.jetbrains.kotlin.backend.jvm.lower.JvmArgumentNullabilityAssertionsLowering::visitBranch (7 bytes)
C1 CompilerThread2    15003 19616       3       org.jetbrains.kotlin.backend.jvm.lower.EnumExternalEntriesLowering::visitClassNew (292 bytes)
C1 CompilerThread3    15003 19620       3       org.jetbrains.kotlin.backend.jvm.lower.JvmArgumentNullabilityAssertionsLowering::visitClass (7 bytes)
C2 CompilerThread5    15003 19603       4       org.jetbrains.kotlin.ir.expressions.IrMemberAccessExpression::transformChildren (63 bytes)
C2 CompilerThread6    15004 19602       4       org.jetbrains.kotlin.backend.common.lower.FlattenStringConcatenationLowering::visitExpression (95 bytes)
Total: 7

VM state: at safepoint (normal execution)

VM Mutex/Monitor currently owned by a thread:  ([mutex/lock_event])
[0x00007ffd3d9e20c8] Threads_lock - owner thread: 0x00000213645e59e0
[0x00007ffd3d9e21c8] Heap_lock - owner thread: 0x000002134976a0c0

Heap address: 0x0000000709400000, size: 3948 MB, Compressed Oops mode: Zero based, Oop shift amount: 3

CDS archive(s) not mapped
Compressed class space mapped at: 0x0000000800000000-0x0000000840000000, reserved size: 1073741824
Narrow klass base: 0x0000000800000000, Narrow klass shift: 0, Narrow klass range: 0x40000000

GC Precious Log:
 CardTable entry size: 512
 Card Set container configuration: InlinePtr #cards 4 size 8 Array Of Cards #cards 16 size 48 Howl #buckets 8 coarsen threshold 3686 Howl Bitmap #cards 512 size 80 coarsen threshold 460 Card regions per heap region 1 cards per card region 4096
 CPUs: 16 total, 16 available
 Memory: 15789M
 Large Page Support: Disabled
 NUMA Support: Disabled
 Compressed Oops: Enabled (Zero based)
 Heap Region Size: 2M
 Heap Min Capacity: 8M
 Heap Initial Capacity: 248M
 Heap Max Capacity: 3948M
 Pre-touch: Disabled
 Parallel Workers: 13
 Concurrent Workers: 3
 Concurrent Refinement Workers: 13
 Periodic GC: Disabled

Heap:
 garbage-first heap   total 231424K, used 155458K [0x0000000709400000, 0x0000000800000000)
  region size 2048K, 15 young (30720K), 2 survivors (4096K)
 Metaspace       used 84265K, committed 85056K, reserved 1179648K
  class space    used 8901K, committed 9280K, reserved 1048576K

Heap Regions: E=young(eden), S=young(survivor), O=old, HS=humongous(starts), HC=humongous(continues), CS=collection set, F=free, TAMS=top-at-mark-start, PB=parsable bottom
|   0|0x0000000709400000, 0x0000000709600000, 0x0000000709600000|100%|HS|  |TAMS 0x0000000709600000| PB 0x0000000709400000| Complete 
|   1|0x0000000709600000, 0x0000000709800000, 0x0000000709800000|100%|HC|  |TAMS 0x0000000709800000| PB 0x0000000709600000| Complete 
|   2|0x0000000709800000, 0x0000000709a00000, 0x0000000709a00000|100%| O|  |TAMS 0x0000000709a00000| PB 0x0000000709a00000| Untracked 
|   3|0x0000000709a00000, 0x0000000709c00000, 0x0000000709c00000|100%| O|  |TAMS 0x0000000709c00000| PB 0x0000000709c00000| Untracked 
|   4|0x0000000709c00000, 0x0000000709e00000, 0x0000000709e00000|100%| O|  |TAMS 0x0000000709e00000| PB 0x0000000709e00000| Untracked 
|   5|0x0000000709e00000, 0x000000070a000000, 0x000000070a000000|100%|HS|  |TAMS 0x000000070a000000| PB 0x0000000709e00000| Complete 
|   6|0x000000070a000000, 0x000000070a200000, 0x000000070a200000|100%| O|  |TAMS 0x000000070a200000| PB 0x000000070a200000| Updating 
|   7|0x000000070a200000, 0x000000070a400000, 0x000000070a400000|100%| O|  |TAMS 0x000000070a400000| PB 0x000000070a400000| Untracked 
|   8|0x000000070a400000, 0x000000070a600000, 0x000000070a600000|100%| O|  |TAMS 0x000000070a600000| PB 0x000000070a600000| Updating 
|   9|0x000000070a600000, 0x000000070a800000, 0x000000070a800000|100%| O|  |TAMS 0x000000070a800000| PB 0x000000070a800000| Untracked 
|  10|0x000000070a800000, 0x000000070aa00000, 0x000000070aa00000|100%| O|  |TAMS 0x000000070aa00000| PB 0x000000070aa00000| Untracked 
|  11|0x000000070aa00000, 0x000000070ac00000, 0x000000070ac00000|100%|HS|  |TAMS 0x000000070ac00000| PB 0x000000070aa00000| Complete 
|  12|0x000000070ac00000, 0x000000070ae00000, 0x000000070ae00000|100%| O|  |TAMS 0x000000070ae00000| PB 0x000000070ae00000| Untracked 
|  13|0x000000070ae00000, 0x000000070b000000, 0x000000070b000000|100%| O|  |TAMS 0x000000070b000000| PB 0x000000070b000000| Updating 
|  14|0x000000070b000000, 0x000000070b200000, 0x000000070b200000|100%| O|  |TAMS 0x000000070b200000| PB 0x000000070b200000| Untracked 
|  15|0x000000070b200000, 0x000000070b400000, 0x000000070b400000|100%| O|  |TAMS 0x000000070b400000| PB 0x000000070b400000| Untracked 
|  16|0x000000070b400000, 0x000000070b600000, 0x000000070b600000|100%| O|  |TAMS 0x000000070b600000| PB 0x000000070b600000| Untracked 
|  17|0x000000070b600000, 0x000000070b800000, 0x000000070b800000|100%| O|  |TAMS 0x000000070b800000| PB 0x000000070b800000| Untracked 
|  18|0x000000070b800000, 0x000000070ba00000, 0x000000070ba00000|100%| O|  |TAMS 0x000000070ba00000| PB 0x000000070ba00000| Untracked 
|  19|0x000000070ba00000, 0x000000070bc00000, 0x000000070bc00000|100%| O|  |TAMS 0x000000070bc00000| PB 0x000000070bc00000| Untracked 
|  20|0x000000070bc00000, 0x000000070be00000, 0x000000070be00000|100%| O|  |TAMS 0x000000070be00000| PB 0x000000070be00000| Untracked 
|  21|0x000000070be00000, 0x000000070c000000, 0x000000070c000000|100%| O|  |TAMS 0x000000070c000000| PB 0x000000070c000000| Untracked 
|  22|0x000000070c000000, 0x000000070c200000, 0x000000070c200000|100%| O|  |TAMS 0x000000070c200000| PB 0x000000070c200000| Untracked 
|  23|0x000000070c200000, 0x000000070c400000, 0x000000070c400000|100%| O|  |TAMS 0x000000070c400000| PB 0x000000070c400000| Untracked 
|  24|0x000000070c400000, 0x000000070c600000, 0x000000070c600000|100%| O|  |TAMS 0x000000070c600000| PB 0x000000070c600000| Untracked 
|  25|0x000000070c600000, 0x000000070c800000, 0x000000070c800000|100%| O|  |TAMS 0x000000070c800000| PB 0x000000070c800000| Untracked 
|  26|0x000000070c800000, 0x000000070ca00000, 0x000000070ca00000|100%| O|  |TAMS 0x000000070ca00000| PB 0x000000070ca00000| Untracked 
|  27|0x000000070ca00000, 0x000000070cc00000, 0x000000070cc00000|100%| O|  |TAMS 0x000000070cc00000| PB 0x000000070cc00000| Untracked 
|  28|0x000000070cc00000, 0x000000070ce00000, 0x000000070ce00000|100%| O|  |TAMS 0x000000070ce00000| PB 0x000000070ce00000| Untracked 
|  29|0x000000070ce00000, 0x000000070d000000, 0x000000070d000000|100%| O|  |TAMS 0x000000070d000000| PB 0x000000070d000000| Untracked 
|  30|0x000000070d000000, 0x000000070d000000, 0x000000070d200000|  0%| F|  |TAMS 0x000000070d000000| PB 0x000000070d000000| Untracked 
|  31|0x000000070d200000, 0x000000070d400000, 0x000000070d400000|100%| O|  |TAMS 0x000000070d400000| PB 0x000000070d400000| Untracked 
|  32|0x000000070d400000, 0x000000070d600000, 0x000000070d600000|100%| O|  |TAMS 0x000000070d600000| PB 0x000000070d600000| Untracked 
|  33|0x000000070d600000, 0x000000070d800000, 0x000000070d800000|100%| O|  |TAMS 0x000000070d800000| PB 0x000000070d800000| Untracked 
|  34|0x000000070d800000, 0x000000070da00000, 0x000000070da00000|100%| O|  |TAMS 0x000000070da00000| PB 0x000000070da00000| Untracked 
|  35|0x000000070da00000, 0x000000070dc00000, 0x000000070dc00000|100%| O|  |TAMS 0x000000070dc00000| PB 0x000000070dc00000| Updating 
|  36|0x000000070dc00000, 0x000000070de00000, 0x000000070de00000|100%| O|  |TAMS 0x000000070de00000| PB 0x000000070de00000| Untracked 
|  37|0x000000070de00000, 0x000000070e000000, 0x000000070e000000|100%| O|  |TAMS 0x000000070e000000| PB 0x000000070e000000| Untracked 
|  38|0x000000070e000000, 0x000000070e200000, 0x000000070e200000|100%| O|  |TAMS 0x000000070e200000| PB 0x000000070e200000| Updating 
|  39|0x000000070e200000, 0x000000070e400000, 0x000000070e400000|100%| O|  |TAMS 0x000000070e400000| PB 0x000000070e400000| Untracked 
|  40|0x000000070e400000, 0x000000070e600000, 0x000000070e600000|100%| O|  |TAMS 0x000000070e600000| PB 0x000000070e600000| Untracked 
|  41|0x000000070e600000, 0x000000070e800000, 0x000000070e800000|100%| O|  |TAMS 0x000000070e800000| PB 0x000000070e800000| Untracked 
|  42|0x000000070e800000, 0x000000070ea00000, 0x000000070ea00000|100%| O|  |TAMS 0x000000070ea00000| PB 0x000000070ea00000| Updating 
|  43|0x000000070ea00000, 0x000000070ec00000, 0x000000070ec00000|100%| O|  |TAMS 0x000000070ec00000| PB 0x000000070ec00000| Updating 
|  44|0x000000070ec00000, 0x000000070ee00000, 0x000000070ee00000|100%| O|  |TAMS 0x000000070ee00000| PB 0x000000070ee00000| Untracked 
|  45|0x000000070ee00000, 0x000000070f000000, 0x000000070f000000|100%| O|  |TAMS 0x000000070f000000| PB 0x000000070f000000| Untracked 
|  46|0x000000070f000000, 0x000000070f200000, 0x000000070f200000|100%| O|  |TAMS 0x000000070f200000| PB 0x000000070f200000| Updating 
|  47|0x000000070f200000, 0x000000070f400000, 0x000000070f400000|100%| O|  |TAMS 0x000000070f400000| PB 0x000000070f400000| Untracked 
|  48|0x000000070f400000, 0x000000070f600000, 0x000000070f600000|100%| O|  |TAMS 0x000000070f600000| PB 0x000000070f600000| Untracked 
|  49|0x000000070f600000, 0x000000070f800000, 0x000000070f800000|100%| O|  |TAMS 0x000000070f800000| PB 0x000000070f800000| Untracked 
|  50|0x000000070f800000, 0x000000070f800000, 0x000000070fa00000|  0%| F|  |TAMS 0x000000070f800000| PB 0x000000070f800000| Untracked 
|  51|0x000000070fa00000, 0x000000070fc00000, 0x000000070fc00000|100%| O|  |TAMS 0x000000070fc00000| PB 0x000000070fc00000| Untracked 
|  52|0x000000070fc00000, 0x000000070fe00000, 0x000000070fe00000|100%| O|  |TAMS 0x000000070fe00000| PB 0x000000070fe00000| Untracked 
|  53|0x000000070fe00000, 0x0000000710000000, 0x0000000710000000|100%| O|  |TAMS 0x0000000710000000| PB 0x0000000710000000| Updating 
|  54|0x0000000710000000, 0x0000000710200000, 0x0000000710200000|100%| O|  |TAMS 0x0000000710200000| PB 0x0000000710200000| Updating 
|  55|0x0000000710200000, 0x0000000710400000, 0x0000000710400000|100%| O|  |TAMS 0x0000000710400000| PB 0x0000000710400000| Untracked 
|  56|0x0000000710400000, 0x0000000710600000, 0x0000000710600000|100%| O|  |TAMS 0x0000000710600000| PB 0x0000000710600000| Untracked 
|  57|0x0000000710600000, 0x0000000710800000, 0x0000000710800000|100%| O|  |TAMS 0x0000000710800000| PB 0x0000000710800000| Untracked 
|  58|0x0000000710800000, 0x0000000710a00000, 0x0000000710a00000|100%| O|  |TAMS 0x0000000710a00000| PB 0x0000000710a00000| Untracked 
|  59|0x0000000710a00000, 0x0000000710c00000, 0x0000000710c00000|100%| O|  |TAMS 0x0000000710c00000| PB 0x0000000710c00000| Updating 
|  60|0x0000000710c00000, 0x0000000710e00000, 0x0000000710e00000|100%| O|  |TAMS 0x0000000710e00000| PB 0x0000000710e00000| Updating 
|  61|0x0000000710e00000, 0x0000000711000000, 0x0000000711000000|100%| O|  |TAMS 0x0000000711000000| PB 0x0000000711000000| Untracked 
|  62|0x0000000711000000, 0x00000007111b8970, 0x0000000711200000| 86%| O|  |TAMS 0x00000007111b8970| PB 0x00000007111b8970| Updating 
|  63|0x0000000711200000, 0x0000000711200000, 0x0000000711400000|  0%| F|  |TAMS 0x0000000711200000| PB 0x0000000711200000| Untracked 
|  64|0x0000000711400000, 0x0000000711400000, 0x0000000711600000|  0%| F|  |TAMS 0x0000000711400000| PB 0x0000000711400000| Untracked 
|  65|0x0000000711600000, 0x0000000711600000, 0x0000000711800000|  0%| F|  |TAMS 0x0000000711600000| PB 0x0000000711600000| Untracked 
|  66|0x0000000711800000, 0x0000000711800000, 0x0000000711a00000|  0%| F|  |TAMS 0x0000000711800000| PB 0x0000000711800000| Untracked 
|  67|0x0000000711a00000, 0x0000000711a00000, 0x0000000711c00000|  0%| F|  |TAMS 0x0000000711a00000| PB 0x0000000711a00000| Untracked 
|  68|0x0000000711c00000, 0x0000000711c00000, 0x0000000711e00000|  0%| F|  |TAMS 0x0000000711c00000| PB 0x0000000711c00000| Untracked 
|  69|0x0000000711e00000, 0x0000000711e00000, 0x0000000712000000|  0%| F|  |TAMS 0x0000000711e00000| PB 0x0000000711e00000| Untracked 
|  70|0x0000000712000000, 0x0000000712018060, 0x0000000712200000|  4%| S|CS|TAMS 0x0000000712000000| PB 0x0000000712000000| Complete 
|  71|0x0000000712200000, 0x0000000712400000, 0x0000000712400000|100%| S|CS|TAMS 0x0000000712200000| PB 0x0000000712200000| Complete 
|  72|0x0000000712400000, 0x0000000712400000, 0x0000000712600000|  0%| F|  |TAMS 0x0000000712400000| PB 0x0000000712400000| Untracked 
|  73|0x0000000712600000, 0x0000000712600000, 0x0000000712800000|  0%| F|  |TAMS 0x0000000712600000| PB 0x0000000712600000| Untracked 
|  74|0x0000000712800000, 0x0000000712800000, 0x0000000712a00000|  0%| F|  |TAMS 0x0000000712800000| PB 0x0000000712800000| Untracked 
|  75|0x0000000712a00000, 0x0000000712a00000, 0x0000000712c00000|  0%| F|  |TAMS 0x0000000712a00000| PB 0x0000000712a00000| Untracked 
|  76|0x0000000712c00000, 0x0000000712c00000, 0x0000000712e00000|  0%| F|  |TAMS 0x0000000712c00000| PB 0x0000000712c00000| Untracked 
|  77|0x0000000712e00000, 0x0000000712e00000, 0x0000000713000000|  0%| F|  |TAMS 0x0000000712e00000| PB 0x0000000712e00000| Untracked 
|  78|0x0000000713000000, 0x0000000713000000, 0x0000000713200000|  0%| F|  |TAMS 0x0000000713000000| PB 0x0000000713000000| Untracked 
|  79|0x0000000713200000, 0x0000000713200000, 0x0000000713400000|  0%| F|  |TAMS 0x0000000713200000| PB 0x0000000713200000| Untracked 
|  80|0x0000000713400000, 0x0000000713400000, 0x0000000713600000|  0%| F|  |TAMS 0x0000000713400000| PB 0x0000000713400000| Untracked 
|  81|0x0000000713600000, 0x0000000713600000, 0x0000000713800000|  0%| F|  |TAMS 0x0000000713600000| PB 0x0000000713600000| Untracked 
|  82|0x0000000713800000, 0x0000000713800000, 0x0000000713a00000|  0%| F|  |TAMS 0x0000000713800000| PB 0x0000000713800000| Untracked 
|  83|0x0000000713a00000, 0x0000000713a00000, 0x0000000713c00000|  0%| F|  |TAMS 0x0000000713a00000| PB 0x0000000713a00000| Untracked 
|  84|0x0000000713c00000, 0x0000000713c00000, 0x0000000713e00000|  0%| F|  |TAMS 0x0000000713c00000| PB 0x0000000713c00000| Untracked 
|  85|0x0000000713e00000, 0x0000000713e00000, 0x0000000714000000|  0%| F|  |TAMS 0x0000000713e00000| PB 0x0000000713e00000| Untracked 
|  86|0x0000000714000000, 0x0000000714000000, 0x0000000714200000|  0%| F|  |TAMS 0x0000000714000000| PB 0x0000000714000000| Untracked 
|  87|0x0000000714200000, 0x0000000714200000, 0x0000000714400000|  0%| F|  |TAMS 0x0000000714200000| PB 0x0000000714200000| Untracked 
|  88|0x0000000714400000, 0x0000000714400000, 0x0000000714600000|  0%| F|  |TAMS 0x0000000714400000| PB 0x0000000714400000| Untracked 
|  89|0x0000000714600000, 0x0000000714600000, 0x0000000714800000|  0%| F|  |TAMS 0x0000000714600000| PB 0x0000000714600000| Untracked 
|  90|0x0000000714800000, 0x0000000714800000, 0x0000000714a00000|  0%| F|  |TAMS 0x0000000714800000| PB 0x0000000714800000| Untracked 
|  91|0x0000000714a00000, 0x0000000714a00000, 0x0000000714c00000|  0%| F|  |TAMS 0x0000000714a00000| PB 0x0000000714a00000| Untracked 
|  92|0x0000000714c00000, 0x0000000714c00000, 0x0000000714e00000|  0%| F|  |TAMS 0x0000000714c00000| PB 0x0000000714c00000| Untracked 
|  93|0x0000000714e00000, 0x0000000714f00800, 0x0000000715000000| 50%| E|  |TAMS 0x0000000714e00000| PB 0x0000000714e00000| Complete 
|  94|0x0000000715000000, 0x0000000715200000, 0x0000000715200000|100%| E|CS|TAMS 0x0000000715000000| PB 0x0000000715000000| Complete 
|  95|0x0000000715200000, 0x0000000715400000, 0x0000000715400000|100%| E|CS|TAMS 0x0000000715200000| PB 0x0000000715200000| Complete 
|  96|0x0000000715400000, 0x0000000715600000, 0x0000000715600000|100%| E|CS|TAMS 0x0000000715400000| PB 0x0000000715400000| Complete 
|  97|0x0000000715600000, 0x0000000715800000, 0x0000000715800000|100%| E|CS|TAMS 0x0000000715600000| PB 0x0000000715600000| Complete 
|  98|0x0000000715800000, 0x0000000715a00000, 0x0000000715a00000|100%| E|CS|TAMS 0x0000000715800000| PB 0x0000000715800000| Complete 
|  99|0x0000000715a00000, 0x0000000715c00000, 0x0000000715c00000|100%| E|CS|TAMS 0x0000000715a00000| PB 0x0000000715a00000| Complete 
| 100|0x0000000715c00000, 0x0000000715e00000, 0x0000000715e00000|100%| E|CS|TAMS 0x0000000715c00000| PB 0x0000000715c00000| Complete 
| 101|0x0000000715e00000, 0x0000000716000000, 0x0000000716000000|100%| E|CS|TAMS 0x0000000715e00000| PB 0x0000000715e00000| Complete 
| 102|0x0000000716000000, 0x0000000716000000, 0x0000000716200000|  0%| F|  |TAMS 0x0000000716000000| PB 0x0000000716000000| Untracked 
| 103|0x0000000716200000, 0x0000000716200000, 0x0000000716400000|  0%| F|  |TAMS 0x0000000716200000| PB 0x0000000716200000| Untracked 
| 104|0x0000000716400000, 0x0000000716400000, 0x0000000716600000|  0%| F|  |TAMS 0x0000000716400000| PB 0x0000000716400000| Untracked 
| 105|0x0000000716600000, 0x0000000716600000, 0x0000000716800000|  0%| F|  |TAMS 0x0000000716600000| PB 0x0000000716600000| Untracked 
| 106|0x0000000716800000, 0x0000000716800000, 0x0000000716a00000|  0%| F|  |TAMS 0x0000000716800000| PB 0x0000000716800000| Untracked 
| 107|0x0000000716a00000, 0x0000000716c00000, 0x0000000716c00000|100%| E|CS|TAMS 0x0000000716a00000| PB 0x0000000716a00000| Complete 
| 108|0x0000000716c00000, 0x0000000716e00000, 0x0000000716e00000|100%| E|CS|TAMS 0x0000000716c00000| PB 0x0000000716c00000| Complete 
| 109|0x0000000716e00000, 0x0000000717000000, 0x0000000717000000|100%| E|CS|TAMS 0x0000000716e00000| PB 0x0000000716e00000| Complete 
| 123|0x0000000718a00000, 0x0000000718c00000, 0x0000000718c00000|100%| E|CS|TAMS 0x0000000718a00000| PB 0x0000000718a00000| Complete 
|1972|0x00000007ffc00000, 0x00000007ffe00000, 0x00000007ffe00000|100%| O|  |TAMS 0x00000007ffe00000| PB 0x00000007ffe00000| Untracked 
|1973|0x00000007ffe00000, 0x0000000800000000, 0x0000000800000000|100%| O|  |TAMS 0x0000000800000000| PB 0x0000000800000000| Untracked 

Card table byte_map: [0x000002135d0b0000,0x000002135d870000] _byte_map_base: 0x0000021359866000

Marking Bits: (CMBitMap*) 0x000002134975a120
 Bits: [0x000002135d870000, 0x0000021361620000)

Polling page: 0x0000021347e90000

Metaspace:

Usage:
  Non-class:     73.60 MB used.
      Class:      8.69 MB used.
       Both:     82.29 MB used.

Virtual space:
  Non-class space:      128.00 MB reserved,      74.00 MB ( 58%) committed,  2 nodes.
      Class space:        1.00 GB reserved,       9.06 MB ( <1%) committed,  1 nodes.
             Both:        1.12 GB reserved,      83.06 MB (  7%) committed. 

Chunk freelists:
   Non-Class:  5.17 MB
       Class:  6.88 MB
        Both:  12.05 MB

MaxMetaspaceSize: unlimited
CompressedClassSpaceSize: 1.00 GB
Initial GC threshold: 21.00 MB
Current GC threshold: 127.62 MB
CDS: off
 - commit_granule_bytes: 65536.
 - commit_granule_words: 8192.
 - virtual_space_node_default_size: 8388608.
 - enlarge_chunks_in_place: 1.
 - use_allocation_guard: 0.


Internal statistics:

num_allocs_failed_limit: 9.
num_arena_births: 1310.
num_arena_deaths: 0.
num_vsnodes_births: 3.
num_vsnodes_deaths: 0.
num_space_committed: 1327.
num_space_uncommitted: 0.
num_chunks_returned_to_freelist: 9.
num_chunks_taken_from_freelist: 4199.
num_chunk_merges: 9.
num_chunk_splits: 3236.
num_chunks_enlarged: 2594.
num_inconsistent_stats: 0.

CodeHeap 'non-profiled nmethods': size=119168Kb used=11172Kb max_used=12908Kb free=107996Kb
 bounds [0x00000213544e0000, 0x0000021355180000, 0x000002135b940000]
CodeHeap 'profiled nmethods': size=119104Kb used=47995Kb max_used=53890Kb free=71108Kb
 bounds [0x000002134c940000, 0x000002134fe50000, 0x0000021353d90000]
CodeHeap 'non-nmethods': size=7488Kb used=3408Kb max_used=3520Kb free=4079Kb
 bounds [0x0000021353d90000, 0x0000021354110000, 0x00000213544e0000]
 total_blobs=16026 nmethods=15285 adapters=636
 compilation: enabled
              stopped_count=0, restarted_count=0
 full_count=0

Compilation events (20 events):
Event: 13.860 Thread 0x00000213647bc460 19613       3       org.jetbrains.kotlin.backend.jvm.lower.InterfaceObjectCallsLowering::visitWhen (6 bytes)
Event: 13.860 Thread 0x0000021364811860 19615       3       org.jetbrains.kotlin.backend.jvm.lower.EnumClassLowering::lower (45 bytes)
Event: 13.860 Thread 0x000002136f6220a0 nmethod 19614 0x000002135517ad10 code [0x000002135517aea0, 0x000002135517af90]
Event: 13.860 Thread 0x0000021364811f30 19616       3       org.jetbrains.kotlin.backend.jvm.lower.EnumExternalEntriesLowering::visitClassNew (292 bytes)
Event: 13.861 Thread 0x00000213648103f0 nmethod 19612 0x000002134fe3bb90 code [0x000002134fe3be80, 0x000002134fe3cc80]
Event: 13.861 Thread 0x00000213647bc460 nmethod 19613 0x000002134fe3d190 code [0x000002134fe3d4a0, 0x000002134fe3e3f8]
Event: 13.861 Thread 0x0000021364811860 nmethod 19615 0x000002134fe3e990 code [0x000002134fe3eca0, 0x000002134fe3fb10]
Event: 13.862 Thread 0x00000213647bc460 19617       3       org.jetbrains.kotlin.backend.jvm.lower.EnumExternalEntriesLowering$EntriesMappingState::<init> (45 bytes)
Event: 13.862 Thread 0x0000021364811860 19618       3       org.jetbrains.kotlin.backend.jvm.lower.EnumExternalEntriesLowering$EntriesMappingState$mappingsClass$2::<init> (11 bytes)
Event: 13.862 Thread 0x00000213648103f0 19619       3       org.jetbrains.kotlin.backend.jvm.lower.JvmArgumentNullabilityAssertionsLowering::visitClass (10 bytes)
Event: 13.862 Thread 0x0000021364811860 nmethod 19618 0x000002134e4bf310 code [0x000002134e4bf4c0, 0x000002134e4bf6f0]
Event: 13.862 Thread 0x00000213647bc460 nmethod 19617 0x000002134fe40090 code [0x000002134fe402a0, 0x000002134fe40938]
Event: 13.862 Thread 0x00000213647bc460 19622       3       org.jetbrains.kotlin.backend.jvm.lower.JvmArgumentNullabilityAssertionsLowering::visitWhen (7 bytes)
Event: 13.862 Thread 0x0000021364811860 19621       3       org.jetbrains.kotlin.backend.jvm.lower.JvmArgumentNullabilityAssertionsLowering::visitWhen (10 bytes)
Event: 13.863 Thread 0x00000213647bc460 nmethod 19622 0x000002134fe40b90 code [0x000002134fe40e60, 0x000002134fe41b28]
Event: 13.863 Thread 0x0000021364811860 nmethod 19621 0x000002134fe42010 code [0x000002134fe422a0, 0x000002134fe42dd0]
Event: 13.863 Thread 0x00000213648103f0 nmethod 19619 0x000002134fe43210 code [0x000002134fe43560, 0x000002134fe446f0]
Event: 13.863 Thread 0x0000021364811860 19624       3       org.jetbrains.kotlin.backend.jvm.lower.JvmArgumentNullabilityAssertionsLowering::visitBranch (7 bytes)
Event: 13.863 Thread 0x00000213647bc460 19623       3       org.jetbrains.kotlin.backend.jvm.lower.JvmArgumentNullabilityAssertionsLowering::visitBranch (10 bytes)
Event: 13.863 Thread 0x00000213648103f0 19620       3       org.jetbrains.kotlin.backend.jvm.lower.JvmArgumentNullabilityAssertionsLowering::visitClass (7 bytes)

GC Heap History (20 events):
Event: 6.742 GC heap before
{Heap before GC invocations=13 (full 0):
 garbage-first heap   total 153600K, used 122373K [0x0000000709400000, 0x0000000800000000)
  region size 2048K, 31 young (63488K), 4 survivors (8192K)
 Metaspace       used 63267K, committed 64064K, reserved 1114112K
  class space    used 7260K, committed 7616K, reserved 1048576K
}
Event: 6.756 GC heap after
{Heap after GC invocations=14 (full 0):
 garbage-first heap   total 153600K, used 75776K [0x0000000709400000, 0x0000000800000000)
  region size 2048K, 4 young (8192K), 4 survivors (8192K)
 Metaspace       used 63267K, committed 64064K, reserved 1114112K
  class space    used 7260K, committed 7616K, reserved 1048576K
}
Event: 7.950 GC heap before
{Heap before GC invocations=14 (full 0):
 garbage-first heap   total 153600K, used 126976K [0x0000000709400000, 0x0000000800000000)
  region size 2048K, 29 young (59392K), 4 survivors (8192K)
 Metaspace       used 65463K, committed 66240K, reserved 1114112K
  class space    used 7360K, committed 7744K, reserved 1048576K
}
Event: 7.971 GC heap after
{Heap after GC invocations=15 (full 0):
 garbage-first heap   total 184320K, used 82598K [0x0000000709400000, 0x0000000800000000)
  region size 2048K, 4 young (8192K), 4 survivors (8192K)
 Metaspace       used 65463K, committed 66240K, reserved 1114112K
  class space    used 7360K, committed 7744K, reserved 1048576K
}
Event: 9.281 GC heap before
{Heap before GC invocations=15 (full 0):
 garbage-first heap   total 184320K, used 152230K [0x0000000709400000, 0x0000000800000000)
  region size 2048K, 38 young (77824K), 4 survivors (8192K)
 Metaspace       used 66074K, committed 66816K, reserved 1114112K
  class space    used 7367K, committed 7744K, reserved 1048576K
}
Event: 9.296 GC heap after
{Heap after GC invocations=16 (full 0):
 garbage-first heap   total 184320K, used 93005K [0x0000000709400000, 0x0000000800000000)
  region size 2048K, 5 young (10240K), 5 survivors (10240K)
 Metaspace       used 66074K, committed 66816K, reserved 1114112K
  class space    used 7367K, committed 7744K, reserved 1048576K
}
Event: 9.905 GC heap before
{Heap before GC invocations=16 (full 0):
 garbage-first heap   total 184320K, used 133965K [0x0000000709400000, 0x0000000800000000)
  region size 2048K, 26 young (53248K), 5 survivors (10240K)
 Metaspace       used 67578K, committed 68352K, reserved 1114112K
  class space    used 7490K, committed 7872K, reserved 1048576K
}
Event: 9.916 GC heap after
{Heap after GC invocations=17 (full 0):
 garbage-first heap   total 184320K, used 99878K [0x0000000709400000, 0x0000000800000000)
  region size 2048K, 4 young (8192K), 4 survivors (8192K)
 Metaspace       used 67578K, committed 68352K, reserved 1114112K
  class space    used 7490K, committed 7872K, reserved 1048576K
}
Event: 10.848 GC heap before
{Heap before GC invocations=18 (full 0):
 garbage-first heap   total 184320K, used 157222K [0x0000000709400000, 0x0000000800000000)
  region size 2048K, 32 young (65536K), 4 survivors (8192K)
 Metaspace       used 70356K, committed 71232K, reserved 1114112K
  class space    used 7758K, committed 8192K, reserved 1048576K
}
Event: 10.858 GC heap after
{Heap after GC invocations=19 (full 0):
 garbage-first heap   total 184320K, used 107303K [0x0000000709400000, 0x0000000800000000)
  region size 2048K, 4 young (8192K), 4 survivors (8192K)
 Metaspace       used 70356K, committed 71232K, reserved 1114112K
  class space    used 7758K, committed 8192K, reserved 1048576K
}
Event: 11.552 GC heap before
{Heap before GC invocations=19 (full 0):
 garbage-first heap   total 184320K, used 160551K [0x0000000709400000, 0x0000000800000000)
  region size 2048K, 30 young (61440K), 4 survivors (8192K)
 Metaspace       used 73826K, committed 74624K, reserved 1179648K
  class space    used 8045K, committed 8448K, reserved 1048576K
}
Event: 11.569 GC heap after
{Heap after GC invocations=20 (full 0):
 garbage-first heap   total 184320K, used 114680K [0x0000000709400000, 0x0000000800000000)
  region size 2048K, 4 young (8192K), 4 survivors (8192K)
 Metaspace       used 73826K, committed 74624K, reserved 1179648K
  class space    used 8045K, committed 8448K, reserved 1048576K
}
Event: 12.203 GC heap before
{Heap before GC invocations=20 (full 0):
 garbage-first heap   total 184320K, used 163832K [0x0000000709400000, 0x0000000800000000)
  region size 2048K, 28 young (57344K), 4 survivors (8192K)
 Metaspace       used 77183K, committed 78016K, reserved 1179648K
  class space    used 8301K, committed 8704K, reserved 1048576K
}
Event: 12.221 GC heap after
{Heap after GC invocations=21 (full 0):
 garbage-first heap   total 221184K, used 123253K [0x0000000709400000, 0x0000000800000000)
  region size 2048K, 4 young (8192K), 4 survivors (8192K)
 Metaspace       used 77183K, committed 78016K, reserved 1179648K
  class space    used 8301K, committed 8704K, reserved 1048576K
}
Event: 12.897 GC heap before
{Heap before GC invocations=22 (full 0):
 garbage-first heap   total 221184K, used 188789K [0x0000000709400000, 0x0000000800000000)
  region size 2048K, 37 young (75776K), 4 survivors (8192K)
 Metaspace       used 82729K, committed 83520K, reserved 1179648K
  class space    used 8832K, committed 9216K, reserved 1048576K
}
Event: 12.913 GC heap after
{Heap after GC invocations=23 (full 0):
 garbage-first heap   total 221184K, used 130555K [0x0000000709400000, 0x0000000800000000)
  region size 2048K, 4 young (8192K), 4 survivors (8192K)
 Metaspace       used 82729K, committed 83520K, reserved 1179648K
  class space    used 8832K, committed 9216K, reserved 1048576K
}
Event: 13.511 GC heap before
{Heap before GC invocations=23 (full 0):
 garbage-first heap   total 221184K, used 191995K [0x0000000709400000, 0x0000000800000000)
  region size 2048K, 34 young (69632K), 4 survivors (8192K)
 Metaspace       used 84189K, committed 84992K, reserved 1179648K
  class space    used 8900K, committed 9280K, reserved 1048576K
}
Event: 13.527 GC heap after
{Heap after GC invocations=24 (full 0):
 garbage-first heap   total 221184K, used 130361K [0x0000000709400000, 0x0000000800000000)
  region size 2048K, 1 young (2048K), 1 survivors (2048K)
 Metaspace       used 84189K, committed 84992K, reserved 1179648K
  class space    used 8900K, committed 9280K, reserved 1048576K
}
Event: 13.776 GC heap before
{Heap before GC invocations=24 (full 0):
 garbage-first heap   total 221184K, used 197945K [0x0000000709400000, 0x0000000800000000)
  region size 2048K, 34 young (69632K), 1 survivors (2048K)
 Metaspace       used 84230K, committed 84992K, reserved 1179648K
  class space    used 8900K, committed 9280K, reserved 1048576K
}
Event: 13.781 GC heap after
{Heap after GC invocations=25 (full 0):
 garbage-first heap   total 221184K, used 130882K [0x0000000709400000, 0x0000000800000000)
  region size 2048K, 2 young (4096K), 2 survivors (4096K)
 Metaspace       used 84230K, committed 84992K, reserved 1179648K
  class space    used 8900K, committed 9280K, reserved 1048576K
}

Dll operation events (3 events):
Event: 0.010 Loaded shared library C:\Program Files\Android\Android Studio1\jbr\bin\java.dll
Event: 0.014 Loaded shared library C:\Program Files\Android\Android Studio1\jbr\bin\zip.dll
Event: 0.894 Loaded shared library C:\Program Files\Android\Android Studio1\jbr\bin\verify.dll

Deoptimization events (20 events):
Event: 13.741 Thread 0x0000021347c30c40 DEOPT PACKING pc=0x0000021355132700 sp=0x0000004b026fd2a0
Event: 13.741 Thread 0x0000021347c30c40 DEOPT UNPACKING pc=0x0000021353de46a2 sp=0x0000004b026fd1f0 mode 2
Event: 13.741 Thread 0x0000021347c30c40 Uncommon trap: trap_request=0xffffff66 fr.pc=0x0000021355132700 relative=0x00000000000049e0
Event: 13.741 Thread 0x0000021347c30c40 Uncommon trap: reason=speculate_class_check action=maybe_recompile pc=0x0000021355132700 method=org.jetbrains.kotlin.backend.common.lower.DefaultArgumentFunctionFactory.generateDefaultsFunction(Lorg/jetbrains/kotlin/ir/declarations/IrFunction;ZZZLorg/jetb
Event: 13.741 Thread 0x0000021347c30c40 DEOPT PACKING pc=0x0000021355132700 sp=0x0000004b026fd2a0
Event: 13.741 Thread 0x0000021347c30c40 DEOPT UNPACKING pc=0x0000021353de46a2 sp=0x0000004b026fd1f0 mode 2
Event: 13.741 Thread 0x0000021347c30c40 Uncommon trap: trap_request=0xffffff66 fr.pc=0x0000021355132700 relative=0x00000000000049e0
Event: 13.741 Thread 0x0000021347c30c40 Uncommon trap: reason=speculate_class_check action=maybe_recompile pc=0x0000021355132700 method=org.jetbrains.kotlin.backend.common.lower.DefaultArgumentFunctionFactory.generateDefaultsFunction(Lorg/jetbrains/kotlin/ir/declarations/IrFunction;ZZZLorg/jetb
Event: 13.741 Thread 0x0000021347c30c40 DEOPT PACKING pc=0x0000021355132700 sp=0x0000004b026fd520
Event: 13.741 Thread 0x0000021347c30c40 DEOPT UNPACKING pc=0x0000021353de46a2 sp=0x0000004b026fd470 mode 2
Event: 13.742 Thread 0x0000021347c30c40 Uncommon trap: trap_request=0xffffff66 fr.pc=0x000002135511bb64 relative=0x00000000000006c4
Event: 13.742 Thread 0x0000021347c30c40 Uncommon trap: reason=speculate_class_check action=maybe_recompile pc=0x000002135511bb64 method=org.jetbrains.kotlin.ir.util.IrUtilsKt.getParentAsClass(Lorg/jetbrains/kotlin/ir/declarations/IrDeclaration;)Lorg/jetbrains/kotlin/ir/declarations/IrClass; @ 8
Event: 13.742 Thread 0x0000021347c30c40 DEOPT PACKING pc=0x000002135511bb64 sp=0x0000004b026fd710
Event: 13.742 Thread 0x0000021347c30c40 DEOPT UNPACKING pc=0x0000021353de46a2 sp=0x0000004b026fd4f0 mode 2
Event: 13.742 Thread 0x0000021347c30c40 Uncommon trap: trap_request=0xffffff66 fr.pc=0x000002135511bb64 relative=0x00000000000006c4
Event: 13.742 Thread 0x0000021347c30c40 Uncommon trap: reason=speculate_class_check action=maybe_recompile pc=0x000002135511bb64 method=org.jetbrains.kotlin.ir.util.IrUtilsKt.getParentAsClass(Lorg/jetbrains/kotlin/ir/declarations/IrDeclaration;)Lorg/jetbrains/kotlin/ir/declarations/IrClass; @ 8
Event: 13.742 Thread 0x0000021347c30c40 DEOPT PACKING pc=0x000002135511bb64 sp=0x0000004b026fd710
Event: 13.742 Thread 0x0000021347c30c40 DEOPT UNPACKING pc=0x0000021353de46a2 sp=0x0000004b026fd4f0 mode 2
Event: 13.844 Thread 0x0000021347c30c40 DEOPT PACKING pc=0x000002134da73ab0 sp=0x0000004b026fd800
Event: 13.844 Thread 0x0000021347c30c40 DEOPT UNPACKING pc=0x0000021353de4e42 sp=0x0000004b026fcd80 mode 0

Classes loaded (20 events):
Event: 5.301 Loading class java/util/stream/Node$Builder done
Event: 5.301 Loading class java/util/stream/SpinedBuffer
Event: 5.302 Loading class java/util/stream/AbstractSpinedBuffer
Event: 5.302 Loading class java/util/stream/AbstractSpinedBuffer done
Event: 5.302 Loading class java/util/stream/SpinedBuffer done
Event: 5.302 Loading class java/util/stream/Nodes$SpinedNodeBuilder done
Event: 7.466 Loading class jdk/internal/math/FloatingDecimal
Event: 7.466 Loading class jdk/internal/math/FloatingDecimal done
Event: 7.466 Loading class jdk/internal/math/FloatingDecimal$ExceptionalBinaryToASCIIBuffer
Event: 7.466 Loading class jdk/internal/math/FloatingDecimal$BinaryToASCIIConverter
Event: 7.466 Loading class jdk/internal/math/FloatingDecimal$BinaryToASCIIConverter done
Event: 7.466 Loading class jdk/internal/math/FloatingDecimal$ExceptionalBinaryToASCIIBuffer done
Event: 7.467 Loading class jdk/internal/math/FloatingDecimal$BinaryToASCIIBuffer
Event: 7.467 Loading class jdk/internal/math/FloatingDecimal$BinaryToASCIIBuffer done
Event: 7.467 Loading class jdk/internal/math/FloatingDecimal$1
Event: 7.467 Loading class jdk/internal/math/FloatingDecimal$1 done
Event: 7.467 Loading class jdk/internal/math/FloatingDecimal$PreparedASCIIToBinaryBuffer
Event: 7.467 Loading class jdk/internal/math/FloatingDecimal$ASCIIToBinaryConverter
Event: 7.467 Loading class jdk/internal/math/FloatingDecimal$ASCIIToBinaryConverter done
Event: 7.467 Loading class jdk/internal/math/FloatingDecimal$PreparedASCIIToBinaryBuffer done

Classes unloaded (0 events):
No events

Classes redefined (0 events):
No events

Internal exceptions (20 events):
Event: 5.431 Thread 0x0000021347c30c40 Implicit null exception at 0x0000021354b4bd4b to 0x0000021354b51b38
Event: 5.449 Thread 0x0000021347c30c40 Implicit null exception at 0x0000021354a8b72d to 0x0000021354a8c898
Event: 5.449 Thread 0x0000021347c30c40 Implicit null exception at 0x0000021354a70069 to 0x0000021354a70852
Event: 5.464 Thread 0x0000021347c30c40 Exception <a 'java/lang/NoSuchMethodError'{0x000000070f4d2790}: 'java.lang.Object java.lang.invoke.DirectMethodHandle$Holder.invokeInterface(java.lang.Object, java.lang.Object, java.lang.Object)'> (0x000000070f4d2790) 
thrown [s\src\hotspot\share\interpreter\linkResolver.cpp, line 784]
Event: 5.464 Thread 0x0000021347c30c40 Exception <a 'java/lang/IncompatibleClassChangeError'{0x000000070f4d5e28}: Found class java.lang.Object, but interface was expected> (0x000000070f4d5e28) 
thrown [s\src\hotspot\share\interpreter\linkResolver.cpp, line 851]
Event: 5.667 Thread 0x0000021347c30c40 Exception <a 'java/lang/NoSuchMethodError'{0x0000000716a2df68}: 'int java.lang.invoke.DirectMethodHandle$Holder.invokeStaticInit(java.lang.Object, int)'> (0x0000000716a2df68) 
thrown [s\src\hotspot\share\interpreter\linkResolver.cpp, line 784]
Event: 6.269 Thread 0x0000021347c30c40 Implicit null exception at 0x0000021354b0224a to 0x0000021354b02940
Event: 6.326 Thread 0x0000021347c30c40 Exception <a 'java/lang/NoSuchMethodError'{0x000000070ff59e00}: 'java.lang.Object java.lang.invoke.DirectMethodHandle$Holder.newInvokeSpecial(java.lang.Object, int, java.lang.Object, java.lang.Object)'> (0x000000070ff59e00) 
thrown [s\src\hotspot\share\interpreter\linkResolver.cpp, line 784]
Event: 7.124 Thread 0x0000021347c30c40 Exception <a 'java/lang/NoSuchMethodError'{0x0000000711b5f320}: 'java.lang.Object java.lang.invoke.DirectMethodHandle$Holder.invokeStatic(java.lang.Object, int, java.lang.Object)'> (0x0000000711b5f320) 
thrown [s\src\hotspot\share\interpreter\linkResolver.cpp, line 784]
Event: 7.631 Thread 0x0000021347c30c40 Implicit null exception at 0x00000213549f1b2c to 0x00000213549f2008
Event: 7.632 Thread 0x0000021347c30c40 Implicit null exception at 0x00000213549eefad to 0x00000213549ef4bc
Event: 9.745 Thread 0x0000021347c30c40 Implicit null exception at 0x0000021354da2e6c to 0x0000021354da3864
Event: 9.836 Thread 0x0000021347c30c40 Implicit null exception at 0x0000021354f11ecb to 0x0000021354f14458
Event: 10.658 Thread 0x0000021347c30c40 Implicit null exception at 0x0000021354eed5c1 to 0x0000021354eed738
Event: 10.953 Thread 0x0000021347c30c40 Implicit null exception at 0x0000021354f2fc2d to 0x0000021354f36158
Event: 11.051 Thread 0x0000021347c30c40 Implicit null exception at 0x0000021354f18be4 to 0x0000021354f1954c
Event: 11.051 Thread 0x0000021347c30c40 Implicit null exception at 0x0000021354ef9680 to 0x0000021354efa024
Event: 13.319 Thread 0x0000021347c30c40 Implicit null exception at 0x00000213550d7c06 to 0x00000213550d7e28
Event: 13.320 Thread 0x0000021347c30c40 Implicit null exception at 0x0000021354d86d10 to 0x0000021354d86da8
Event: 13.320 Thread 0x0000021347c30c40 Implicit null exception at 0x00000213550e16e5 to 0x00000213550e1771

ZGC Phase Switch (0 events):
No events

VM Operations (20 events):
Event: 12.972 Executing VM operation: HandshakeAllThreads (Deoptimize) done
Event: 13.018 Executing VM operation: ICBufferFull
Event: 13.018 Executing VM operation: ICBufferFull done
Event: 13.026 Executing VM operation: HandshakeAllThreads (Deoptimize)
Event: 13.026 Executing VM operation: HandshakeAllThreads (Deoptimize) done
Event: 13.029 Executing VM operation: HandshakeAllThreads (Deoptimize)
Event: 13.029 Executing VM operation: HandshakeAllThreads (Deoptimize) done
Event: 13.129 Executing VM operation: ICBufferFull
Event: 13.129 Executing VM operation: ICBufferFull done
Event: 13.219 Executing VM operation: ICBufferFull
Event: 13.219 Executing VM operation: ICBufferFull done
Event: 13.323 Executing VM operation: ICBufferFull
Event: 13.323 Executing VM operation: ICBufferFull done
Event: 13.445 Executing VM operation: ICBufferFull
Event: 13.446 Executing VM operation: ICBufferFull done
Event: 13.511 Executing VM operation: G1CollectForAllocation (G1 Evacuation Pause)
Event: 13.527 Executing VM operation: G1CollectForAllocation (G1 Evacuation Pause) done
Event: 13.776 Executing VM operation: G1CollectForAllocation (G1 Evacuation Pause)
Event: 13.781 Executing VM operation: G1CollectForAllocation (G1 Evacuation Pause) done
Event: 13.863 Executing VM operation: G1PauseRemark

Events (20 events):
Event: 13.908 Thread 0x00000213645e59e0 flushing nmethod 0x00000213545e9f10
Event: 13.908 Thread 0x00000213645e59e0 flushing nmethod 0x00000213546ec790
Event: 13.908 Thread 0x00000213645e59e0 flushing nmethod 0x000002135477ef90
Event: 13.908 Thread 0x00000213645e59e0 flushing nmethod 0x000002135471a410
Event: 13.908 Thread 0x00000213645e59e0 flushing nmethod 0x0000021354738890
Event: 13.908 Thread 0x00000213645e59e0 flushing nmethod 0x00000213545e7890
Event: 13.908 Thread 0x00000213645e59e0 flushing nmethod 0x0000021354680790
Event: 13.908 Thread 0x00000213645e59e0 flushing nmethod 0x0000021354680290
Event: 13.908 Thread 0x00000213645e59e0 flushing nmethod 0x0000021354724610
Event: 13.908 Thread 0x00000213645e59e0 flushing nmethod 0x00000213546ec010
Event: 13.908 Thread 0x00000213645e59e0 flushing nmethod 0x00000213546cef10
Event: 13.908 Thread 0x00000213645e59e0 flushing nmethod 0x00000213546c8e10
Event: 13.908 Thread 0x00000213645e59e0 flushing nmethod 0x0000021354659590
Event: 13.908 Thread 0x00000213645e59e0 flushing nmethod 0x000002135462f890
Event: 13.909 Thread 0x00000213645e59e0 flushing nmethod 0x0000021354665c90
Event: 13.909 Thread 0x00000213645e59e0 flushing nmethod 0x0000021354651610
Event: 13.909 Thread 0x00000213645e59e0 flushing nmethod 0x00000213545df010
Event: 13.909 Thread 0x00000213645e59e0 flushing nmethod 0x00000213545b6310
Event: 13.909 Thread 0x00000213645e59e0 flushing nmethod 0x000002135454a290
Event: 13.909 Thread 0x00000213645e59e0 flushing nmethod 0x0000021354525210


Dynamic libraries:
0x00007ff767940000 - 0x00007ff76794a000 	C:\Program Files\Android\Android Studio1\jbr\bin\java.exe
0x00007ffd993e0000 - 0x00007ffd99643000 	C:\WINDOWS\SYSTEM32\ntdll.dll
0x00007ffd98300000 - 0x00007ffd983c8000 	C:\WINDOWS\System32\KERNEL32.DLL
0x00007ffd96980000 - 0x00007ffd96d34000 	C:\WINDOWS\System32\KERNELBASE.dll
0x00007ffd96e90000 - 0x00007ffd96fdb000 	C:\WINDOWS\System32\ucrtbase.dll
0x00007ffd6beb0000 - 0x00007ffd6bec8000 	C:\Program Files\Android\Android Studio1\jbr\bin\jli.dll
0x00007ffd7a3c0000 - 0x00007ffd7a3db000 	C:\Program Files\Android\Android Studio1\jbr\bin\VCRUNTIME140.dll
0x00007ffd991d0000 - 0x00007ffd99399000 	C:\WINDOWS\System32\USER32.dll
0x00007ffd968c0000 - 0x00007ffd968e7000 	C:\WINDOWS\System32\win32u.dll
0x00007ffd81480000 - 0x00007ffd81710000 	C:\WINDOWS\WinSxS\amd64_microsoft.windows.common-controls_6595b64144ccf1df_6.0.26100.2702_none_3e069454e335fc5e\COMCTL32.dll
0x00007ffd983d0000 - 0x00007ffd983fa000 	C:\WINDOWS\System32\GDI32.dll
0x00007ffd96790000 - 0x00007ffd968bb000 	C:\WINDOWS\System32\gdi32full.dll
0x00007ffd97cc0000 - 0x00007ffd97d69000 	C:\WINDOWS\System32\msvcrt.dll
0x00007ffd96de0000 - 0x00007ffd96e83000 	C:\WINDOWS\System32\msvcp_win.dll
0x00007ffd98bb0000 - 0x00007ffd98bdf000 	C:\WINDOWS\System32\IMM32.DLL
0x00007ffd874e0000 - 0x00007ffd874ec000 	C:\Program Files\Android\Android Studio1\jbr\bin\vcruntime140_1.dll
0x00007ffd55560000 - 0x00007ffd555ed000 	C:\Program Files\Android\Android Studio1\jbr\bin\msvcp140.dll
0x00007ffd3ce40000 - 0x00007ffd3dabd000 	C:\Program Files\Android\Android Studio1\jbr\bin\server\jvm.dll
0x00007ffd97280000 - 0x00007ffd97333000 	C:\WINDOWS\System32\ADVAPI32.dll
0x00007ffd98cd0000 - 0x00007ffd98d76000 	C:\WINDOWS\System32\sechost.dll
0x00007ffd98d80000 - 0x00007ffd98e96000 	C:\WINDOWS\System32\RPCRT4.dll
0x00007ffd97d70000 - 0x00007ffd97de4000 	C:\WINDOWS\System32\WS2_32.dll
0x00007ffd96620000 - 0x00007ffd9666e000 	C:\WINDOWS\SYSTEM32\POWRPROF.dll
0x00007ffd8ec10000 - 0x00007ffd8ec46000 	C:\WINDOWS\SYSTEM32\WINMM.dll
0x00007ffd8f860000 - 0x00007ffd8f86b000 	C:\WINDOWS\SYSTEM32\VERSION.dll
0x00007ffd96600000 - 0x00007ffd96614000 	C:\WINDOWS\SYSTEM32\UMPDC.dll
0x00007ffd955d0000 - 0x00007ffd955ea000 	C:\WINDOWS\SYSTEM32\kernel.appcore.dll
0x00007ffd87310000 - 0x00007ffd8731a000 	C:\Program Files\Android\Android Studio1\jbr\bin\jimage.dll
0x00007ffd8bd00000 - 0x00007ffd8bf41000 	C:\WINDOWS\SYSTEM32\DBGHELP.DLL
0x00007ffd973c0000 - 0x00007ffd9773e000 	C:\WINDOWS\System32\combase.dll
0x00007ffd97be0000 - 0x00007ffd97cb6000 	C:\WINDOWS\System32\OLEAUT32.dll
0x00007ffd80da0000 - 0x00007ffd80dd9000 	C:\WINDOWS\SYSTEM32\dbgcore.DLL
0x00007ffd96d40000 - 0x00007ffd96dd9000 	C:\WINDOWS\System32\bcryptPrimitives.dll
0x00007ffd78ce0000 - 0x00007ffd78cff000 	C:\Program Files\Android\Android Studio1\jbr\bin\java.dll
0x00007ffd77ab0000 - 0x00007ffd77ac8000 	C:\Program Files\Android\Android Studio1\jbr\bin\zip.dll
0x00007ffd98490000 - 0x00007ffd98b94000 	C:\WINDOWS\System32\SHELL32.dll
0x00007ffd944e0000 - 0x00007ffd94d17000 	C:\WINDOWS\SYSTEM32\windows.storage.dll
0x00007ffd990e0000 - 0x00007ffd991c9000 	C:\WINDOWS\System32\SHCORE.dll
0x00007ffd97220000 - 0x00007ffd9727d000 	C:\WINDOWS\System32\shlwapi.dll
0x00007ffd966a0000 - 0x00007ffd966ce000 	C:\WINDOWS\SYSTEM32\profapi.dll
0x00007ffd7ed80000 - 0x00007ffd7ed90000 	C:\Program Files\Android\Android Studio1\jbr\bin\net.dll
0x00007ffd8f1a0000 - 0x00007ffd8f2c6000 	C:\WINDOWS\SYSTEM32\WINHTTP.dll
0x00007ffd95ad0000 - 0x00007ffd95b38000 	C:\WINDOWS\system32\mswsock.dll
0x00007ffd77450000 - 0x00007ffd77466000 	C:\Program Files\Android\Android Studio1\jbr\bin\nio.dll
0x00007ffd7eda0000 - 0x00007ffd7edb0000 	C:\Program Files\Android\Android Studio1\jbr\bin\verify.dll

dbghelp: loaded successfully - version: 4.0.5 - missing functions: none
symbol engine: initialized successfully - sym options: 0x614 - pdb path: .;C:\Program Files\Android\Android Studio1\jbr\bin;C:\WINDOWS\SYSTEM32;C:\WINDOWS\WinSxS\amd64_microsoft.windows.common-controls_6595b64144ccf1df_6.0.26100.2702_none_3e069454e335fc5e;C:\Program Files\Android\Android Studio1\jbr\bin\server

VM Arguments:
java_command: org.jetbrains.kotlin.cli.jvm.K2JVMCompiler @D:\TOTNGHIEP\New folder (2)\Money_Manager_App\app\build\20241218_9147038088629938612.compiler.options
java_class_path (initial): C:\Users\nang2\.gradle\caches\modules-2\files-2.1\org.jetbrains.kotlin\kotlin-compiler-embeddable\1.9.23\460f3eeb4ac5383e60a09898bafa9b63838cc2ea\kotlin-compiler-embeddable-1.9.23.jar;C:\Users\nang2\.gradle\caches\modules-2\files-2.1\org.jetbrains.kotlin\kotlin-stdlib\1.9.23\dbaadea1f5e68f790d242a91a38355a83ec38747\kotlin-stdlib-1.9.23.jar;C:\Users\nang2\.gradle\caches\modules-2\files-2.1\org.jetbrains.kotlin\kotlin-script-runtime\1.9.23\1375a7343d05891119fac57f8b50a7578420ac27\kotlin-script-runtime-1.9.23.jar;C:\Users\nang2\.gradle\caches\modules-2\files-2.1\org.jetbrains.kotlin\kotlin-reflect\1.6.10\1cbe9c92c12a94eea200d23c2bbaedaf3daf5132\kotlin-reflect-1.6.10.jar;C:\Users\nang2\.gradle\caches\modules-2\files-2.1\org.jetbrains.kotlin\kotlin-daemon-embeddable\1.9.23\a6ad5e888015dc4f9eb828ea753167f256093c6a\kotlin-daemon-embeddable-1.9.23.jar;C:\Users\nang2\.gradle\caches\modules-2\files-2.1\org.jetbrains.intellij.deps\trove4j\1.0.20200330\3afb14d5f9ceb459d724e907a21145e8ff394f02\trove4j-1.0.20200330.jar;C:\Users\nang2\.gradle\caches\modules-2\files-2.1\org.jetbrains\annotations\13.0\919f0dfe192fb4e063e7dacadee7f8bb9a2672a9\annotations-13.0.jar
Launcher Type: SUN_STANDARD

[Global flags]
     intx CICompilerCount                          = 12                                        {product} {ergonomic}
     uint ConcGCThreads                            = 3                                         {product} {ergonomic}
     uint G1ConcRefinementThreads                  = 13                                        {product} {ergonomic}
   size_t G1HeapRegionSize                         = 2097152                                   {product} {ergonomic}
    uintx GCDrainStackTargetSize                   = 64                                        {product} {ergonomic}
   size_t InitialHeapSize                          = 260046848                                 {product} {ergonomic}
   size_t MarkStackSize                            = 4194304                                   {product} {ergonomic}
   size_t MaxHeapSize                              = 4139778048                                {product} {ergonomic}
   size_t MaxNewSize                               = 2483027968                                {product} {ergonomic}
   size_t MinHeapDeltaBytes                        = 2097152                                   {product} {ergonomic}
   size_t MinHeapSize                              = 8388608                                   {product} {ergonomic}
    uintx NonNMethodCodeHeapSize                   = 7602480                                {pd product} {ergonomic}
    uintx NonProfiledCodeHeapSize                  = 122027880                              {pd product} {ergonomic}
    uintx ProfiledCodeHeapSize                     = 122027880                              {pd product} {ergonomic}
    uintx ReservedCodeCacheSize                    = 251658240                              {pd product} {ergonomic}
     bool SegmentedCodeCache                       = true                                      {product} {ergonomic}
   size_t SoftMaxHeapSize                          = 4139778048                             {manageable} {ergonomic}
     bool UseCompressedOops                        = true                           {product lp64_product} {ergonomic}
     bool UseG1GC                                  = true                                      {product} {ergonomic}
     bool UseLargePagesIndividualAllocation        = false                                  {pd product} {ergonomic}

Logging:
Log output configuration:
 #0: stdout all=warning uptime,level,tags foldmultilines=false
 #1: stderr all=off uptime,level,tags foldmultilines=false

Environment Variables:
JAVA_HOME=C:\Program Files\Java\jdk-18.0.1
PATH=C:\flutter\bin;C:\Program Files\Common Files\Oracle\Java\javapath;C:\Program Files (x86)\Common Files\Oracle\Java\javapath;C:\WINDOWS\system32;C:\WINDOWS;C:\WINDOWS\System32\Wbem;C:\WINDOWS\System32\WindowsPowerShell\v1.0\;C:\WINDOWS\System32\OpenSSH\;C:\Program Files\dotnet\;C:\Program Files\Git\cmd;C:\ProgramData\chocolatey\bin;C:\Program Files\NVIDIA Corporation\NVIDIA NvDLISR;C:\Program Files (x86)\NVIDIA Corporation\PhysX\Common;C:\WINDOWS\system32;C:\WINDOWS;C:\WINDOWS\System32\Wbem;C:\WINDOWS\System32\WindowsPowerShell\v1.0\;C:\WINDOWS\System32\OpenSSH\;C:\Program Files\Cloudflare\Cloudflare WARP\;C:\flutter\bin;C:\Users\nang2\AppData\Local\Microsoft\WindowsApps;C:\Users\nang2\AppData\Local\Programs\Microsoft VS Code\bin;C:\Users\nang2\AppData\Local\GitHubDesktop\bin;C:\Users\nang2\AppData\Local\JetBrains\Toolbox\scripts;
USERNAME=asus
OS=Windows_NT
PROCESSOR_IDENTIFIER=AMD64 Family 23 Model 96 Stepping 1, AuthenticAMD
TMP=C:\Users\nang2\AppData\Local\Temp
TEMP=C:\Users\nang2\AppData\Local\Temp




Periodic native trim disabled

JNI global refs:
JNI global refs: 26, weak refs: 5

JNI global refs memory usage: 835, weak refs: 833

Process memory usage:
Resident Set Size: 536104K (3% of 16168500K total physical memory with 2492216K free physical memory)

OOME stack traces (most recent first):
Classloader memory used:
Loader jdk.internal.loader.ClassLoaders$AppClassLoader                                 : 70696K
Loader bootstrap                                                                       : 13215K
Loader java.net.URLClassLoader                                                         : 334K
Loader jdk.internal.loader.ClassLoaders$PlatformClassLoader                            : 19400B

---------------  S Y S T E M  ---------------

OS:
 Windows 11 , 64 bit Build 26100 (10.0.26100.2702)
OS uptime: 0 days 10:55 hours

CPU: total 16 (initial active 16) (16 cores per cpu, 2 threads per core) family 23 model 96 stepping 1 microcode 0x8600104, cx8, cmov, fxsr, ht, mmx, 3dnowpref, sse, sse2, sse3, ssse3, sse4a, sse4.1, sse4.2, popcnt, lzcnt, tsc, tscinvbit, avx, avx2, aes, clmul, bmi1, bmi2, adx, sha, fma, vzeroupper, clflush, clflushopt, rdtscp, rdpid, f16c
Processor Information for all 16 processors :
  Max Mhz: 2900, Current Mhz: 2900, Mhz Limit: 2900

Memory: 4k page, system-wide physical 15789M (2433M free)
TotalPageFile size 23981M (AvailPageFile size 35M)
current process WorkingSet (physical memory assigned to process): 523M, peak: 538M
current process commit charge ("private bytes"): 579M, peak: 606M

vm_info: OpenJDK 64-Bit Server VM (21.0.3+-12282718-b509.11) for windows-amd64 JRE (21.0.3+-12282718-b509.11), built on 2024-08-27T17:34:15Z by "builder" with MS VC++ 16.10 / 16.11 (VS2019)

END.
